{"contracts/interfaces/AddressUpgradeable.sol":{"l":{"31":0,"33":0,"34":0,"54":0,"57":0,"58":0,"80":0,"90":0,"105":0,"115":0,"116":0,"119":0,"120":0,"130":0,"140":0,"143":0,"144":0,"148":0,"149":0,"152":0,"156":0,"161":0},"path":"/Users/linsiting/wokospace/fx-bridge/contracts/interfaces/AddressUpgradeable.sol","s":{"1":0,"2":0,"3":0,"4":0,"5":0,"6":0,"7":0,"8":0,"9":0,"10":0,"11":0,"12":0,"13":0,"14":0,"15":0,"16":0,"17":0,"18":0,"19":0,"20":0},"b":{"1":[0,0],"2":[0,0],"3":[0,0],"4":[0,0],"5":[0,0],"6":[0,0],"7":[0,0]},"f":{"1":0,"2":0,"3":0,"4":0,"5":0,"6":0,"7":0,"8":0,"9":0},"fnMap":{"1":{"name":"isContract","line":26,"loc":{"start":{"line":26,"column":4},"end":{"line":35,"column":4}}},"2":{"name":"sendValue","line":53,"loc":{"start":{"line":53,"column":4},"end":{"line":59,"column":4}}},"3":{"name":"functionCall","line":79,"loc":{"start":{"line":79,"column":4},"end":{"line":81,"column":4}}},"4":{"name":"functionCall","line":89,"loc":{"start":{"line":89,"column":4},"end":{"line":91,"column":4}}},"5":{"name":"functionCallWithValue","line":104,"loc":{"start":{"line":104,"column":4},"end":{"line":106,"column":4}}},"6":{"name":"functionCallWithValue","line":114,"loc":{"start":{"line":114,"column":4},"end":{"line":121,"column":4}}},"7":{"name":"functionStaticCall","line":129,"loc":{"start":{"line":129,"column":4},"end":{"line":131,"column":4}}},"8":{"name":"functionStaticCall","line":139,"loc":{"start":{"line":139,"column":4},"end":{"line":145,"column":4}}},"9":{"name":"_verifyCallResult","line":147,"loc":{"start":{"line":147,"column":4},"end":{"line":164,"column":4}}}},"statementMap":{"1":{"start":{"line":31,"column":8},"end":{"line":31,"column":20}},"2":{"start":{"line":34,"column":8},"end":{"line":34,"column":23}},"3":{"start":{"line":54,"column":8},"end":{"line":54,"column":80}},"4":{"start":{"line":57,"column":8},"end":{"line":57,"column":62}},"5":{"start":{"line":58,"column":8},"end":{"line":58,"column":85}},"6":{"start":{"line":80,"column":6},"end":{"line":80,"column":73}},"7":{"start":{"line":90,"column":8},"end":{"line":90,"column":67}},"8":{"start":{"line":105,"column":8},"end":{"line":105,"column":102}},"9":{"start":{"line":115,"column":8},"end":{"line":115,"column":88}},"10":{"start":{"line":116,"column":8},"end":{"line":116,"column":67}},"11":{"start":{"line":119,"column":8},"end":{"line":119,"column":83}},"12":{"start":{"line":120,"column":8},"end":{"line":120,"column":67}},"13":{"start":{"line":130,"column":8},"end":{"line":130,"column":88}},"14":{"start":{"line":140,"column":8},"end":{"line":140,"column":74}},"15":{"start":{"line":143,"column":8},"end":{"line":143,"column":73}},"16":{"start":{"line":144,"column":8},"end":{"line":144,"column":67}},"17":{"start":{"line":148,"column":8},"end":{"line":148,"column":6270}},"18":{"start":{"line":149,"column":12},"end":{"line":149,"column":29}},"19":{"start":{"line":152,"column":12},"end":{"line":152,"column":6415}},"20":{"start":{"line":161,"column":16},"end":{"line":161,"column":35}}},"branchMap":{"1":{"line":54,"type":"if","locations":[{"start":{"line":54,"column":8},"end":{"line":54,"column":8}},{"start":{"line":54,"column":8},"end":{"line":54,"column":8}}]},"2":{"line":58,"type":"if","locations":[{"start":{"line":58,"column":8},"end":{"line":58,"column":8}},{"start":{"line":58,"column":8},"end":{"line":58,"column":8}}]},"3":{"line":115,"type":"if","locations":[{"start":{"line":115,"column":8},"end":{"line":115,"column":8}},{"start":{"line":115,"column":8},"end":{"line":115,"column":8}}]},"4":{"line":116,"type":"if","locations":[{"start":{"line":116,"column":8},"end":{"line":116,"column":8}},{"start":{"line":116,"column":8},"end":{"line":116,"column":8}}]},"5":{"line":140,"type":"if","locations":[{"start":{"line":140,"column":8},"end":{"line":140,"column":8}},{"start":{"line":140,"column":8},"end":{"line":140,"column":8}}]},"6":{"line":148,"type":"if","locations":[{"start":{"line":148,"column":8},"end":{"line":148,"column":8}},{"start":{"line":148,"column":8},"end":{"line":148,"column":8}}]},"7":{"line":152,"type":"if","locations":[{"start":{"line":152,"column":12},"end":{"line":152,"column":12}},{"start":{"line":152,"column":12},"end":{"line":152,"column":12}}]}}},"contracts/interfaces/ContextUpgradeable.sol":{"l":{"18":0,"24":0,"28":0,"29":0},"path":"/Users/linsiting/wokospace/fx-bridge/contracts/interfaces/ContextUpgradeable.sol","s":{"1":0,"2":0,"3":0},"b":{},"f":{"1":0,"2":0,"3":0,"4":0},"fnMap":{"1":{"name":"__Context_init","line":17,"loc":{"start":{"line":17,"column":4},"end":{"line":19,"column":4}}},"2":{"name":"__Context_init_unchained","line":21,"loc":{"start":{"line":21,"column":4},"end":{"line":22,"column":4}}},"3":{"name":"_msgSender","line":23,"loc":{"start":{"line":23,"column":4},"end":{"line":25,"column":4}}},"4":{"name":"_msgData","line":27,"loc":{"start":{"line":27,"column":4},"end":{"line":30,"column":4}}}},"statementMap":{"1":{"start":{"line":18,"column":8},"end":{"line":18,"column":33}},"2":{"start":{"line":24,"column":8},"end":{"line":24,"column":25}},"3":{"start":{"line":29,"column":8},"end":{"line":29,"column":23}}},"branchMap":{}},"contracts/interfaces/IBEP20MetadataUpgradeable.sol":{"l":{},"path":"/Users/linsiting/wokospace/fx-bridge/contracts/interfaces/IBEP20MetadataUpgradeable.sol","s":{},"b":{},"f":{},"fnMap":{},"statementMap":{},"branchMap":{}},"contracts/interfaces/IBEP20Upgradeable.sol":{"l":{},"path":"/Users/linsiting/wokospace/fx-bridge/contracts/interfaces/IBEP20Upgradeable.sol","s":{},"b":{},"f":{},"fnMap":{},"statementMap":{},"branchMap":{}},"contracts/interfaces/Initializable.sol":{"l":{"36":0,"38":0,"39":0,"40":0,"41":0,"44":0,"46":0,"47":0,"53":0},"path":"/Users/linsiting/wokospace/fx-bridge/contracts/interfaces/Initializable.sol","s":{"1":0,"2":0,"3":0,"4":0,"5":0,"6":0,"7":0,"8":0},"b":{"1":[0,0],"2":[0,0],"3":[0,0]},"f":{"1":0,"2":0},"fnMap":{"1":{"name":"initializer","line":35,"loc":{"start":{"line":35,"column":4},"end":{"line":49,"column":4}}},"2":{"name":"_isConstructor","line":52,"loc":{"start":{"line":52,"column":4},"end":{"line":54,"column":4}}}},"statementMap":{"1":{"start":{"line":36,"column":8},"end":{"line":36,"column":116}},"2":{"start":{"line":38,"column":8},"end":{"line":38,"column":44}},"3":{"start":{"line":39,"column":8},"end":{"line":39,"column":1672}},"4":{"start":{"line":40,"column":12},"end":{"line":40,"column":31}},"5":{"start":{"line":41,"column":12},"end":{"line":41,"column":30}},"6":{"start":{"line":46,"column":8},"end":{"line":46,"column":1792}},"7":{"start":{"line":47,"column":12},"end":{"line":47,"column":32}},"8":{"start":{"line":53,"column":8},"end":{"line":53,"column":60}}},"branchMap":{"1":{"line":36,"type":"if","locations":[{"start":{"line":36,"column":8},"end":{"line":36,"column":8}},{"start":{"line":36,"column":8},"end":{"line":36,"column":8}}]},"2":{"line":39,"type":"if","locations":[{"start":{"line":39,"column":8},"end":{"line":39,"column":8}},{"start":{"line":39,"column":8},"end":{"line":39,"column":8}}]},"3":{"line":46,"type":"if","locations":[{"start":{"line":46,"column":8},"end":{"line":46,"column":8}},{"start":{"line":46,"column":8},"end":{"line":46,"column":8}}]}}},"contracts/interfaces/OwnableUpgradeable.sol":{"l":{"28":0,"29":0,"33":0,"34":0,"35":0,"42":0,"49":0,"50":0,"61":0,"62":0,"70":0,"71":0,"72":0},"path":"/Users/linsiting/wokospace/fx-bridge/contracts/interfaces/OwnableUpgradeable.sol","s":{"1":0,"2":0,"3":0,"4":0,"5":0,"6":0,"7":0,"8":0,"9":0,"10":0,"11":0,"12":0},"b":{"1":[0,0],"2":[0,0]},"f":{"1":0,"2":0,"3":0,"4":0,"5":0,"6":0},"fnMap":{"1":{"name":"__Ownable_init","line":27,"loc":{"start":{"line":27,"column":4},"end":{"line":30,"column":4}}},"2":{"name":"__Ownable_init_unchained","line":32,"loc":{"start":{"line":32,"column":4},"end":{"line":36,"column":4}}},"3":{"name":"owner","line":41,"loc":{"start":{"line":41,"column":4},"end":{"line":43,"column":4}}},"4":{"name":"onlyOwner","line":48,"loc":{"start":{"line":48,"column":4},"end":{"line":51,"column":4}}},"5":{"name":"renounceOwnership","line":60,"loc":{"start":{"line":60,"column":4},"end":{"line":63,"column":4}}},"6":{"name":"transferOwnership","line":69,"loc":{"start":{"line":69,"column":4},"end":{"line":73,"column":4}}}},"statementMap":{"1":{"start":{"line":28,"column":8},"end":{"line":28,"column":33}},"2":{"start":{"line":29,"column":8},"end":{"line":29,"column":33}},"3":{"start":{"line":33,"column":8},"end":{"line":33,"column":40}},"4":{"start":{"line":34,"column":8},"end":{"line":34,"column":25}},"5":{"start":{"line":35,"column":8},"end":{"line":35,"column":56}},"6":{"start":{"line":42,"column":8},"end":{"line":42,"column":21}},"7":{"start":{"line":49,"column":8},"end":{"line":49,"column":75}},"8":{"start":{"line":61,"column":8},"end":{"line":61,"column":53}},"9":{"start":{"line":62,"column":8},"end":{"line":62,"column":26}},"10":{"start":{"line":70,"column":8},"end":{"line":70,"column":80}},"11":{"start":{"line":71,"column":8},"end":{"line":71,"column":51}},"12":{"start":{"line":72,"column":8},"end":{"line":72,"column":24}}},"branchMap":{"1":{"line":49,"type":"if","locations":[{"start":{"line":49,"column":8},"end":{"line":49,"column":8}},{"start":{"line":49,"column":8},"end":{"line":49,"column":8}}]},"2":{"line":70,"type":"if","locations":[{"start":{"line":70,"column":8},"end":{"line":70,"column":8}},{"start":{"line":70,"column":8},"end":{"line":70,"column":8}}]}}},"contracts/interfaces/PausableUpgradeable.sol":{"l":{"34":0,"35":0,"39":0,"46":0,"57":0,"58":0,"69":0,"70":0,"81":0,"82":0,"93":0,"94":0},"path":"/Users/linsiting/wokospace/fx-bridge/contracts/interfaces/PausableUpgradeable.sol","s":{"1":0,"2":0,"3":0,"4":0,"5":0,"6":0,"7":0,"8":0,"9":0,"10":0},"b":{"1":[0,0],"2":[0,0]},"f":{"1":0,"2":0,"3":0,"4":0,"5":0,"6":0,"7":0},"fnMap":{"1":{"name":"__Pausable_init","line":33,"loc":{"start":{"line":33,"column":4},"end":{"line":36,"column":4}}},"2":{"name":"__Pausable_init_unchained","line":38,"loc":{"start":{"line":38,"column":4},"end":{"line":40,"column":4}}},"3":{"name":"paused","line":45,"loc":{"start":{"line":45,"column":4},"end":{"line":47,"column":4}}},"4":{"name":"whenNotPaused","line":56,"loc":{"start":{"line":56,"column":4},"end":{"line":59,"column":4}}},"5":{"name":"whenPaused","line":68,"loc":{"start":{"line":68,"column":4},"end":{"line":71,"column":4}}},"6":{"name":"_pause","line":80,"loc":{"start":{"line":80,"column":4},"end":{"line":83,"column":4}}},"7":{"name":"_unpause","line":92,"loc":{"start":{"line":92,"column":4},"end":{"line":95,"column":4}}}},"statementMap":{"1":{"start":{"line":34,"column":8},"end":{"line":34,"column":33}},"2":{"start":{"line":35,"column":8},"end":{"line":35,"column":34}},"3":{"start":{"line":39,"column":8},"end":{"line":39,"column":22}},"4":{"start":{"line":46,"column":8},"end":{"line":46,"column":22}},"5":{"start":{"line":57,"column":8},"end":{"line":57,"column":45}},"6":{"start":{"line":69,"column":8},"end":{"line":69,"column":48}},"7":{"start":{"line":81,"column":8},"end":{"line":81,"column":21}},"8":{"start":{"line":82,"column":8},"end":{"line":82,"column":33}},"9":{"start":{"line":93,"column":8},"end":{"line":93,"column":22}},"10":{"start":{"line":94,"column":8},"end":{"line":94,"column":35}}},"branchMap":{"1":{"line":57,"type":"if","locations":[{"start":{"line":57,"column":8},"end":{"line":57,"column":8}},{"start":{"line":57,"column":8},"end":{"line":57,"column":8}}]},"2":{"line":69,"type":"if","locations":[{"start":{"line":69,"column":8},"end":{"line":69,"column":8}},{"start":{"line":69,"column":8},"end":{"line":69,"column":8}}]}}},"contracts/interfaces/ReentrancyGuardUpgradeable.sol":{"l":{"40":0,"44":0,"56":0,"59":0,"61":0,"65":0},"path":"/Users/linsiting/wokospace/fx-bridge/contracts/interfaces/ReentrancyGuardUpgradeable.sol","s":{"1":0,"2":0,"3":0,"4":0,"5":0},"b":{"1":[0,0]},"f":{"1":0,"2":0,"3":0},"fnMap":{"1":{"name":"__ReentrancyGuard_init","line":39,"loc":{"start":{"line":39,"column":4},"end":{"line":41,"column":4}}},"2":{"name":"__ReentrancyGuard_init_unchained","line":43,"loc":{"start":{"line":43,"column":4},"end":{"line":45,"column":4}}},"3":{"name":"nonReentrant","line":54,"loc":{"start":{"line":54,"column":4},"end":{"line":66,"column":4}}}},"statementMap":{"1":{"start":{"line":40,"column":8},"end":{"line":40,"column":41}},"2":{"start":{"line":44,"column":8},"end":{"line":44,"column":29}},"3":{"start":{"line":56,"column":8},"end":{"line":56,"column":70}},"4":{"start":{"line":59,"column":8},"end":{"line":59,"column":25}},"5":{"start":{"line":65,"column":8},"end":{"line":65,"column":29}}},"branchMap":{"1":{"line":56,"type":"if","locations":[{"start":{"line":56,"column":8},"end":{"line":56,"column":8}},{"start":{"line":56,"column":8},"end":{"line":56,"column":8}}]}}},"contracts/interfaces/SafeBEP20Upgradeable.sol":{"l":{"23":0,"27":0,"42":0,"45":0,"49":0,"50":0,"54":0,"55":0,"69":0,"70":0,"72":0},"path":"/Users/linsiting/wokospace/fx-bridge/contracts/interfaces/SafeBEP20Upgradeable.sol","s":{"1":0,"2":0,"3":0,"4":0,"5":0,"6":0,"7":0,"8":0,"9":0,"10":0,"11":0},"b":{"1":[0,0],"2":[0,0],"3":[0,0]},"f":{"1":0,"2":0,"3":0,"4":0,"5":0,"6":0},"fnMap":{"1":{"name":"safeTransfer","line":22,"loc":{"start":{"line":22,"column":4},"end":{"line":24,"column":4}}},"2":{"name":"safeTransferFrom","line":26,"loc":{"start":{"line":26,"column":4},"end":{"line":28,"column":4}}},"3":{"name":"safeApprove","line":37,"loc":{"start":{"line":37,"column":4},"end":{"line":46,"column":4}}},"4":{"name":"safeIncreaseAllowance","line":48,"loc":{"start":{"line":48,"column":4},"end":{"line":51,"column":4}}},"5":{"name":"safeDecreaseAllowance","line":53,"loc":{"start":{"line":53,"column":4},"end":{"line":56,"column":4}}},"6":{"name":"_callOptionalReturn","line":64,"loc":{"start":{"line":64,"column":4},"end":{"line":74,"column":4}}}},"statementMap":{"1":{"start":{"line":23,"column":8},"end":{"line":23,"column":93}},"2":{"start":{"line":27,"column":8},"end":{"line":27,"column":103}},"3":{"start":{"line":42,"column":8},"end":{"line":42,"column":1793}},"4":{"start":{"line":45,"column":8},"end":{"line":45,"column":97}},"5":{"start":{"line":49,"column":8},"end":{"line":49,"column":81}},"6":{"start":{"line":50,"column":8},"end":{"line":50,"column":104}},"7":{"start":{"line":54,"column":8},"end":{"line":54,"column":126}},"8":{"start":{"line":55,"column":8},"end":{"line":55,"column":104}},"9":{"start":{"line":69,"column":8},"end":{"line":69,"column":103}},"10":{"start":{"line":70,"column":8},"end":{"line":70,"column":3613}},"11":{"start":{"line":72,"column":12},"end":{"line":72,"column":96}}},"branchMap":{"1":{"line":42,"type":"if","locations":[{"start":{"line":42,"column":8},"end":{"line":42,"column":8}},{"start":{"line":42,"column":8},"end":{"line":42,"column":8}}]},"2":{"line":70,"type":"if","locations":[{"start":{"line":70,"column":8},"end":{"line":70,"column":8}},{"start":{"line":70,"column":8},"end":{"line":70,"column":8}}]},"3":{"line":72,"type":"if","locations":[{"start":{"line":72,"column":12},"end":{"line":72,"column":12}},{"start":{"line":72,"column":12},"end":{"line":72,"column":12}}]}}},"contracts/interfaces/SafeMathUpgradeable.sol":{"l":{"25":0,"26":0,"27":0,"36":0,"37":0,"49":0,"50":0,"51":0,"52":0,"61":0,"62":0,"71":0,"72":0,"86":0,"87":0,"88":0,"102":0,"103":0,"117":0,"118":0,"119":0,"120":0,"136":0,"137":0,"153":0,"154":0,"171":0,"172":0,"191":0,"192":0,"211":0,"212":0},"path":"/Users/linsiting/wokospace/fx-bridge/contracts/interfaces/SafeMathUpgradeable.sol","s":{"1":0,"2":0,"3":0,"4":0,"5":0,"6":0,"7":0,"8":0,"9":0,"10":0,"11":0,"12":0,"13":0,"14":0,"15":0,"16":0,"17":0,"18":0,"19":0,"20":0,"21":0,"22":0,"23":0,"24":0,"25":0,"26":0,"27":0,"28":0,"29":0,"30":0,"31":0,"32":0,"33":0,"34":0,"35":0,"36":0,"37":0,"38":0,"39":0},"b":{"1":[0,0],"2":[0,0],"3":[0,0],"4":[0,0],"5":[0,0],"6":[0,0],"7":[0,0],"8":[0,0],"9":[0,0],"10":[0,0],"11":[0,0],"12":[0,0],"13":[0,0],"14":[0,0],"15":[0,0]},"f":{"1":0,"2":0,"3":0,"4":0,"5":0,"6":0,"7":0,"8":0,"9":0,"10":0,"11":0,"12":0,"13":0},"fnMap":{"1":{"name":"tryAdd","line":24,"loc":{"start":{"line":24,"column":4},"end":{"line":28,"column":4}}},"2":{"name":"trySub","line":35,"loc":{"start":{"line":35,"column":4},"end":{"line":38,"column":4}}},"3":{"name":"tryMul","line":45,"loc":{"start":{"line":45,"column":4},"end":{"line":53,"column":4}}},"4":{"name":"tryDiv","line":60,"loc":{"start":{"line":60,"column":4},"end":{"line":63,"column":4}}},"5":{"name":"tryMod","line":70,"loc":{"start":{"line":70,"column":4},"end":{"line":73,"column":4}}},"6":{"name":"add","line":85,"loc":{"start":{"line":85,"column":4},"end":{"line":89,"column":4}}},"7":{"name":"sub","line":101,"loc":{"start":{"line":101,"column":4},"end":{"line":104,"column":4}}},"8":{"name":"mul","line":116,"loc":{"start":{"line":116,"column":4},"end":{"line":121,"column":4}}},"9":{"name":"div","line":135,"loc":{"start":{"line":135,"column":4},"end":{"line":138,"column":4}}},"10":{"name":"mod","line":152,"loc":{"start":{"line":152,"column":4},"end":{"line":155,"column":4}}},"11":{"name":"sub","line":170,"loc":{"start":{"line":170,"column":4},"end":{"line":173,"column":4}}},"12":{"name":"div","line":190,"loc":{"start":{"line":190,"column":4},"end":{"line":193,"column":4}}},"13":{"name":"mod","line":210,"loc":{"start":{"line":210,"column":4},"end":{"line":213,"column":4}}}},"statementMap":{"1":{"start":{"line":25,"column":8},"end":{"line":25,"column":25}},"2":{"start":{"line":26,"column":8},"end":{"line":26,"column":36}},"3":{"start":{"line":26,"column":19},"end":{"line":26,"column":36}},"4":{"start":{"line":27,"column":8},"end":{"line":27,"column":24}},"5":{"start":{"line":36,"column":8},"end":{"line":36,"column":36}},"6":{"start":{"line":36,"column":19},"end":{"line":36,"column":36}},"7":{"start":{"line":37,"column":8},"end":{"line":37,"column":28}},"8":{"start":{"line":49,"column":8},"end":{"line":49,"column":36}},"9":{"start":{"line":49,"column":20},"end":{"line":49,"column":36}},"10":{"start":{"line":50,"column":8},"end":{"line":50,"column":25}},"11":{"start":{"line":51,"column":8},"end":{"line":51,"column":41}},"12":{"start":{"line":51,"column":24},"end":{"line":51,"column":41}},"13":{"start":{"line":52,"column":8},"end":{"line":52,"column":24}},"14":{"start":{"line":61,"column":8},"end":{"line":61,"column":37}},"15":{"start":{"line":61,"column":20},"end":{"line":61,"column":37}},"16":{"start":{"line":62,"column":8},"end":{"line":62,"column":28}},"17":{"start":{"line":71,"column":8},"end":{"line":71,"column":37}},"18":{"start":{"line":71,"column":20},"end":{"line":71,"column":37}},"19":{"start":{"line":72,"column":8},"end":{"line":72,"column":28}},"20":{"start":{"line":86,"column":8},"end":{"line":86,"column":25}},"21":{"start":{"line":87,"column":8},"end":{"line":87,"column":53}},"22":{"start":{"line":88,"column":8},"end":{"line":88,"column":16}},"23":{"start":{"line":102,"column":8},"end":{"line":102,"column":56}},"24":{"start":{"line":103,"column":8},"end":{"line":103,"column":20}},"25":{"start":{"line":117,"column":8},"end":{"line":117,"column":28}},"26":{"start":{"line":117,"column":20},"end":{"line":117,"column":28}},"27":{"start":{"line":118,"column":8},"end":{"line":118,"column":25}},"28":{"start":{"line":119,"column":8},"end":{"line":119,"column":63}},"29":{"start":{"line":120,"column":8},"end":{"line":120,"column":16}},"30":{"start":{"line":136,"column":8},"end":{"line":136,"column":51}},"31":{"start":{"line":137,"column":8},"end":{"line":137,"column":20}},"32":{"start":{"line":153,"column":8},"end":{"line":153,"column":49}},"33":{"start":{"line":154,"column":8},"end":{"line":154,"column":20}},"34":{"start":{"line":171,"column":8},"end":{"line":171,"column":36}},"35":{"start":{"line":172,"column":8},"end":{"line":172,"column":20}},"36":{"start":{"line":191,"column":8},"end":{"line":191,"column":35}},"37":{"start":{"line":192,"column":8},"end":{"line":192,"column":20}},"38":{"start":{"line":211,"column":8},"end":{"line":211,"column":35}},"39":{"start":{"line":212,"column":8},"end":{"line":212,"column":20}}},"branchMap":{"1":{"line":26,"type":"if","locations":[{"start":{"line":26,"column":8},"end":{"line":26,"column":8}},{"start":{"line":26,"column":8},"end":{"line":26,"column":8}}]},"2":{"line":36,"type":"if","locations":[{"start":{"line":36,"column":8},"end":{"line":36,"column":8}},{"start":{"line":36,"column":8},"end":{"line":36,"column":8}}]},"3":{"line":49,"type":"if","locations":[{"start":{"line":49,"column":8},"end":{"line":49,"column":8}},{"start":{"line":49,"column":8},"end":{"line":49,"column":8}}]},"4":{"line":51,"type":"if","locations":[{"start":{"line":51,"column":8},"end":{"line":51,"column":8}},{"start":{"line":51,"column":8},"end":{"line":51,"column":8}}]},"5":{"line":61,"type":"if","locations":[{"start":{"line":61,"column":8},"end":{"line":61,"column":8}},{"start":{"line":61,"column":8},"end":{"line":61,"column":8}}]},"6":{"line":71,"type":"if","locations":[{"start":{"line":71,"column":8},"end":{"line":71,"column":8}},{"start":{"line":71,"column":8},"end":{"line":71,"column":8}}]},"7":{"line":87,"type":"if","locations":[{"start":{"line":87,"column":8},"end":{"line":87,"column":8}},{"start":{"line":87,"column":8},"end":{"line":87,"column":8}}]},"8":{"line":102,"type":"if","locations":[{"start":{"line":102,"column":8},"end":{"line":102,"column":8}},{"start":{"line":102,"column":8},"end":{"line":102,"column":8}}]},"9":{"line":117,"type":"if","locations":[{"start":{"line":117,"column":8},"end":{"line":117,"column":8}},{"start":{"line":117,"column":8},"end":{"line":117,"column":8}}]},"10":{"line":119,"type":"if","locations":[{"start":{"line":119,"column":8},"end":{"line":119,"column":8}},{"start":{"line":119,"column":8},"end":{"line":119,"column":8}}]},"11":{"line":136,"type":"if","locations":[{"start":{"line":136,"column":8},"end":{"line":136,"column":8}},{"start":{"line":136,"column":8},"end":{"line":136,"column":8}}]},"12":{"line":153,"type":"if","locations":[{"start":{"line":153,"column":8},"end":{"line":153,"column":8}},{"start":{"line":153,"column":8},"end":{"line":153,"column":8}}]},"13":{"line":171,"type":"if","locations":[{"start":{"line":171,"column":8},"end":{"line":171,"column":8}},{"start":{"line":171,"column":8},"end":{"line":171,"column":8}}]},"14":{"line":191,"type":"if","locations":[{"start":{"line":191,"column":8},"end":{"line":191,"column":8}},{"start":{"line":191,"column":8},"end":{"line":191,"column":8}}]},"15":{"line":211,"type":"if","locations":[{"start":{"line":211,"column":8},"end":{"line":211,"column":8}},{"start":{"line":211,"column":8},"end":{"line":211,"column":8}}]}}},"contracts/NPXSXEMBSC.sol":{"l":{"118":22,"122":0,"123":0,"151":3,"152":3,"154":3,"167":0,"180":5,"181":5,"183":5,"199":0,"200":0,"203":0,"204":0,"206":0,"221":0,"237":0,"238":0,"241":0,"256":0,"271":0,"272":0,"297":15,"298":15,"299":15,"306":0,"313":0,"314":0,"325":0,"326":0,"334":0,"341":0,"342":0,"343":0,"360":15,"361":15,"362":15,"363":15,"364":15,"366":15,"373":0,"380":0,"387":0,"394":0,"401":0,"408":9,"420":1,"421":1,"428":0,"439":2,"440":2,"456":2,"457":2,"458":2,"474":0,"475":0,"493":0,"494":0,"503":0,"518":0,"520":0,"521":0,"540":3,"541":3,"543":3,"544":3,"545":3,"561":0,"563":0,"564":0,"565":0,"582":4,"583":4,"585":4,"586":4,"590":0,"591":0,"596":0},"path":"/Users/linsiting/wokospace/fx-bridge/contracts/NPXSXEMBSC.sol","s":{"1":22,"2":0,"3":3,"4":3,"5":3,"6":0,"7":5,"8":5,"9":5,"10":0,"11":0,"12":0,"13":0,"14":0,"15":0,"16":0,"17":0,"18":0,"19":0,"20":0,"21":0,"22":15,"23":15,"24":15,"25":0,"26":0,"27":0,"28":0,"29":0,"30":0,"31":0,"32":0,"33":15,"34":15,"35":15,"36":15,"37":15,"38":15,"39":0,"40":0,"41":0,"42":0,"43":0,"44":9,"45":1,"46":1,"47":0,"48":2,"49":2,"50":2,"51":2,"52":2,"53":0,"54":0,"55":0,"56":0,"57":0,"58":0,"59":0,"60":0,"61":3,"62":3,"63":3,"64":3,"65":3,"66":0,"67":0,"68":0,"69":0,"70":4,"71":4,"72":4,"73":4,"74":0,"75":0,"76":0},"b":{"1":[3,0],"2":[5,0],"3":[0,0],"4":[0,0],"5":[0,0],"6":[0,0],"7":[0,0],"8":[0,0],"9":[3,0],"10":[3,0],"11":[0,0],"12":[4,0],"13":[4,0],"14":[0,0]},"f":{"1":15,"2":22,"3":0,"4":3,"5":0,"6":5,"7":0,"8":0,"9":0,"10":0,"11":0,"12":15,"13":0,"14":0,"15":0,"16":0,"17":0,"18":15,"19":0,"20":0,"21":0,"22":0,"23":0,"24":9,"25":1,"26":0,"27":2,"28":2,"29":0,"30":0,"31":0,"32":0,"33":3,"34":0,"35":4,"36":0,"37":0},"fnMap":{"1":{"name":"constructor","line":115,"loc":{"start":{"line":115,"column":2},"end":{"line":115,"column":28}}},"2":{"name":"_msgSender","line":117,"loc":{"start":{"line":117,"column":2},"end":{"line":119,"column":2}}},"3":{"name":"_msgData","line":121,"loc":{"start":{"line":121,"column":2},"end":{"line":124,"column":2}}},"4":{"name":"add","line":150,"loc":{"start":{"line":150,"column":2},"end":{"line":155,"column":2}}},"5":{"name":"sub","line":166,"loc":{"start":{"line":166,"column":2},"end":{"line":168,"column":2}}},"6":{"name":"sub","line":179,"loc":{"start":{"line":179,"column":2},"end":{"line":184,"column":2}}},"7":{"name":"mul","line":195,"loc":{"start":{"line":195,"column":2},"end":{"line":207,"column":2}}},"8":{"name":"div","line":220,"loc":{"start":{"line":220,"column":2},"end":{"line":222,"column":2}}},"9":{"name":"div","line":235,"loc":{"start":{"line":235,"column":2},"end":{"line":242,"column":2}}},"10":{"name":"mod","line":255,"loc":{"start":{"line":255,"column":2},"end":{"line":257,"column":2}}},"11":{"name":"mod","line":270,"loc":{"start":{"line":270,"column":2},"end":{"line":273,"column":2}}},"12":{"name":"constructor","line":296,"loc":{"start":{"line":296,"column":2},"end":{"line":300,"column":2}}},"13":{"name":"owner","line":305,"loc":{"start":{"line":305,"column":2},"end":{"line":307,"column":2}}},"14":{"name":"onlyOwner","line":312,"loc":{"start":{"line":312,"column":2},"end":{"line":315,"column":2}}},"15":{"name":"renounceOwnership","line":324,"loc":{"start":{"line":324,"column":2},"end":{"line":327,"column":2}}},"16":{"name":"transferOwnership","line":333,"loc":{"start":{"line":333,"column":2},"end":{"line":335,"column":2}}},"17":{"name":"_transferOwnership","line":340,"loc":{"start":{"line":340,"column":2},"end":{"line":344,"column":2}}},"18":{"name":"constructor","line":359,"loc":{"start":{"line":359,"column":2},"end":{"line":367,"column":2}}},"19":{"name":"getOwner","line":372,"loc":{"start":{"line":372,"column":2},"end":{"line":374,"column":2}}},"20":{"name":"decimals","line":379,"loc":{"start":{"line":379,"column":2},"end":{"line":381,"column":2}}},"21":{"name":"symbol","line":386,"loc":{"start":{"line":386,"column":2},"end":{"line":388,"column":2}}},"22":{"name":"name","line":393,"loc":{"start":{"line":393,"column":2},"end":{"line":395,"column":2}}},"23":{"name":"totalSupply","line":400,"loc":{"start":{"line":400,"column":2},"end":{"line":402,"column":2}}},"24":{"name":"balanceOf","line":407,"loc":{"start":{"line":407,"column":2},"end":{"line":409,"column":2}}},"25":{"name":"transfer","line":419,"loc":{"start":{"line":419,"column":2},"end":{"line":422,"column":2}}},"26":{"name":"allowance","line":427,"loc":{"start":{"line":427,"column":2},"end":{"line":429,"column":2}}},"27":{"name":"approve","line":438,"loc":{"start":{"line":438,"column":2},"end":{"line":441,"column":2}}},"28":{"name":"transferFrom","line":455,"loc":{"start":{"line":455,"column":2},"end":{"line":459,"column":2}}},"29":{"name":"increaseAllowance","line":473,"loc":{"start":{"line":473,"column":2},"end":{"line":476,"column":2}}},"30":{"name":"decreaseAllowance","line":492,"loc":{"start":{"line":492,"column":2},"end":{"line":495,"column":2}}},"31":{"name":"burn","line":502,"loc":{"start":{"line":502,"column":2},"end":{"line":504,"column":2}}},"32":{"name":"burnFrom","line":517,"loc":{"start":{"line":517,"column":2},"end":{"line":522,"column":2}}},"33":{"name":"_transfer","line":539,"loc":{"start":{"line":539,"column":2},"end":{"line":546,"column":2}}},"34":{"name":"_burn","line":560,"loc":{"start":{"line":560,"column":2},"end":{"line":566,"column":2}}},"35":{"name":"_approve","line":581,"loc":{"start":{"line":581,"column":3},"end":{"line":587,"column":2}}},"36":{"name":"returnAnyToken","line":589,"loc":{"start":{"line":589,"column":2},"end":{"line":592,"column":2}}},"37":{"name":"burnOnlyOwner","line":594,"loc":{"start":{"line":594,"column":2},"end":{"line":597,"column":2}}}},"statementMap":{"1":{"start":{"line":118,"column":4},"end":{"line":118,"column":21}},"2":{"start":{"line":123,"column":4},"end":{"line":123,"column":19}},"3":{"start":{"line":151,"column":4},"end":{"line":151,"column":21}},"4":{"start":{"line":152,"column":4},"end":{"line":152,"column":49}},"5":{"start":{"line":154,"column":4},"end":{"line":154,"column":12}},"6":{"start":{"line":167,"column":4},"end":{"line":167,"column":54}},"7":{"start":{"line":180,"column":4},"end":{"line":180,"column":32}},"8":{"start":{"line":181,"column":4},"end":{"line":181,"column":21}},"9":{"start":{"line":183,"column":4},"end":{"line":183,"column":12}},"10":{"start":{"line":199,"column":4},"end":{"line":199,"column":6331}},"11":{"start":{"line":200,"column":6},"end":{"line":200,"column":14}},"12":{"start":{"line":203,"column":4},"end":{"line":203,"column":21}},"13":{"start":{"line":204,"column":4},"end":{"line":204,"column":59}},"14":{"start":{"line":206,"column":4},"end":{"line":206,"column":12}},"15":{"start":{"line":221,"column":4},"end":{"line":221,"column":50}},"16":{"start":{"line":237,"column":4},"end":{"line":237,"column":31}},"17":{"start":{"line":238,"column":4},"end":{"line":238,"column":21}},"18":{"start":{"line":241,"column":4},"end":{"line":241,"column":12}},"19":{"start":{"line":256,"column":4},"end":{"line":256,"column":48}},"20":{"start":{"line":271,"column":4},"end":{"line":271,"column":32}},"21":{"start":{"line":272,"column":4},"end":{"line":272,"column":16}},"22":{"start":{"line":297,"column":4},"end":{"line":297,"column":36}},"23":{"start":{"line":298,"column":4},"end":{"line":298,"column":21}},"24":{"start":{"line":299,"column":4},"end":{"line":299,"column":52}},"25":{"start":{"line":306,"column":4},"end":{"line":306,"column":17}},"26":{"start":{"line":313,"column":4},"end":{"line":313,"column":70}},"27":{"start":{"line":325,"column":4},"end":{"line":325,"column":49}},"28":{"start":{"line":326,"column":4},"end":{"line":326,"column":22}},"29":{"start":{"line":334,"column":4},"end":{"line":334,"column":31}},"30":{"start":{"line":341,"column":4},"end":{"line":341,"column":76}},"31":{"start":{"line":342,"column":4},"end":{"line":342,"column":47}},"32":{"start":{"line":343,"column":4},"end":{"line":343,"column":20}},"33":{"start":{"line":360,"column":4},"end":{"line":360,"column":26}},"34":{"start":{"line":361,"column":4},"end":{"line":361,"column":22}},"35":{"start":{"line":362,"column":4},"end":{"line":362,"column":17}},"36":{"start":{"line":363,"column":4},"end":{"line":363,"column":40}},"37":{"start":{"line":364,"column":4},"end":{"line":364,"column":39}},"38":{"start":{"line":366,"column":4},"end":{"line":366,"column":55}},"39":{"start":{"line":373,"column":4},"end":{"line":373,"column":18}},"40":{"start":{"line":380,"column":4},"end":{"line":380,"column":20}},"41":{"start":{"line":387,"column":4},"end":{"line":387,"column":18}},"42":{"start":{"line":394,"column":4},"end":{"line":394,"column":16}},"43":{"start":{"line":401,"column":4},"end":{"line":401,"column":23}},"44":{"start":{"line":408,"column":4},"end":{"line":408,"column":29}},"45":{"start":{"line":420,"column":4},"end":{"line":420,"column":45}},"46":{"start":{"line":421,"column":4},"end":{"line":421,"column":15}},"47":{"start":{"line":428,"column":4},"end":{"line":428,"column":38}},"48":{"start":{"line":439,"column":4},"end":{"line":439,"column":42}},"49":{"start":{"line":440,"column":4},"end":{"line":440,"column":15}},"50":{"start":{"line":456,"column":4},"end":{"line":456,"column":39}},"51":{"start":{"line":457,"column":4},"end":{"line":457,"column":124}},"52":{"start":{"line":458,"column":4},"end":{"line":458,"column":15}},"53":{"start":{"line":474,"column":4},"end":{"line":474,"column":86}},"54":{"start":{"line":475,"column":4},"end":{"line":475,"column":15}},"55":{"start":{"line":493,"column":4},"end":{"line":493,"column":132}},"56":{"start":{"line":494,"column":4},"end":{"line":494,"column":15}},"57":{"start":{"line":503,"column":6},"end":{"line":503,"column":32}},"58":{"start":{"line":518,"column":6},"end":{"line":518,"column":121}},"59":{"start":{"line":520,"column":6},"end":{"line":520,"column":56}},"60":{"start":{"line":521,"column":6},"end":{"line":521,"column":27}},"61":{"start":{"line":540,"column":4},"end":{"line":540,"column":73}},"62":{"start":{"line":541,"column":4},"end":{"line":541,"column":74}},"63":{"start":{"line":543,"column":4},"end":{"line":543,"column":94}},"64":{"start":{"line":544,"column":4},"end":{"line":544,"column":58}},"65":{"start":{"line":545,"column":4},"end":{"line":545,"column":44}},"66":{"start":{"line":561,"column":4},"end":{"line":561,"column":70}},"67":{"start":{"line":563,"column":4},"end":{"line":563,"column":92}},"68":{"start":{"line":564,"column":4},"end":{"line":564,"column":42}},"69":{"start":{"line":565,"column":4},"end":{"line":565,"column":46}},"70":{"start":{"line":582,"column":4},"end":{"line":582,"column":71}},"71":{"start":{"line":583,"column":4},"end":{"line":583,"column":71}},"72":{"start":{"line":585,"column":4},"end":{"line":585,"column":39}},"73":{"start":{"line":586,"column":4},"end":{"line":586,"column":41}},"74":{"start":{"line":590,"column":4},"end":{"line":590,"column":57}},"75":{"start":{"line":591,"column":4},"end":{"line":591,"column":46}},"76":{"start":{"line":596,"column":6},"end":{"line":596,"column":27}}},"branchMap":{"1":{"line":152,"type":"if","locations":[{"start":{"line":152,"column":4},"end":{"line":152,"column":4}},{"start":{"line":152,"column":4},"end":{"line":152,"column":4}}]},"2":{"line":180,"type":"if","locations":[{"start":{"line":180,"column":4},"end":{"line":180,"column":4}},{"start":{"line":180,"column":4},"end":{"line":180,"column":4}}]},"3":{"line":199,"type":"if","locations":[{"start":{"line":199,"column":4},"end":{"line":199,"column":4}},{"start":{"line":199,"column":4},"end":{"line":199,"column":4}}]},"4":{"line":204,"type":"if","locations":[{"start":{"line":204,"column":4},"end":{"line":204,"column":4}},{"start":{"line":204,"column":4},"end":{"line":204,"column":4}}]},"5":{"line":237,"type":"if","locations":[{"start":{"line":237,"column":4},"end":{"line":237,"column":4}},{"start":{"line":237,"column":4},"end":{"line":237,"column":4}}]},"6":{"line":271,"type":"if","locations":[{"start":{"line":271,"column":4},"end":{"line":271,"column":4}},{"start":{"line":271,"column":4},"end":{"line":271,"column":4}}]},"7":{"line":313,"type":"if","locations":[{"start":{"line":313,"column":4},"end":{"line":313,"column":4}},{"start":{"line":313,"column":4},"end":{"line":313,"column":4}}]},"8":{"line":341,"type":"if","locations":[{"start":{"line":341,"column":4},"end":{"line":341,"column":4}},{"start":{"line":341,"column":4},"end":{"line":341,"column":4}}]},"9":{"line":540,"type":"if","locations":[{"start":{"line":540,"column":4},"end":{"line":540,"column":4}},{"start":{"line":540,"column":4},"end":{"line":540,"column":4}}]},"10":{"line":541,"type":"if","locations":[{"start":{"line":541,"column":4},"end":{"line":541,"column":4}},{"start":{"line":541,"column":4},"end":{"line":541,"column":4}}]},"11":{"line":561,"type":"if","locations":[{"start":{"line":561,"column":4},"end":{"line":561,"column":4}},{"start":{"line":561,"column":4},"end":{"line":561,"column":4}}]},"12":{"line":582,"type":"if","locations":[{"start":{"line":582,"column":4},"end":{"line":582,"column":4}},{"start":{"line":582,"column":4},"end":{"line":582,"column":4}}]},"13":{"line":583,"type":"if","locations":[{"start":{"line":583,"column":4},"end":{"line":583,"column":4}},{"start":{"line":583,"column":4},"end":{"line":583,"column":4}}]},"14":{"line":590,"type":"if","locations":[{"start":{"line":590,"column":4},"end":{"line":590,"column":4}},{"start":{"line":590,"column":4},"end":{"line":590,"column":4}}]}}},"contracts/NPXSXEMigration.sol":{"l":{"30":23,"31":23,"35":15,"36":15,"37":15,"38":15,"39":15,"43":2,"44":2,"45":2,"46":2,"47":2,"49":2,"50":2,"52":2,"53":2,"55":2,"56":2,"60":22,"61":44,"62":44,"63":44,"68":1,"69":1,"70":1,"74":0,"75":0,"79":0,"80":0,"81":0,"82":0},"path":"/Users/linsiting/wokospace/fx-bridge/contracts/NPXSXEMigration.sol","s":{"1":23,"2":15,"3":15,"4":15,"5":15,"6":15,"7":2,"8":2,"9":2,"10":2,"11":2,"12":2,"13":2,"14":2,"15":2,"16":2,"17":2,"18":22,"19":44,"20":44,"21":44,"22":1,"23":1,"24":1,"25":0,"26":0,"27":0,"28":0,"29":0,"30":0},"b":{"1":[23,0],"2":[2,0],"3":[2,0],"4":[2,0],"5":[1,0],"6":[0,0],"7":[0,0],"8":[0,0]},"f":{"1":23,"2":15,"3":2,"4":22,"5":1,"6":0,"7":0},"fnMap":{"1":{"name":"onlyOwner","line":29,"loc":{"start":{"line":29,"column":4},"end":{"line":32,"column":4}}},"2":{"name":"constructor","line":34,"loc":{"start":{"line":34,"column":4},"end":{"line":40,"column":4}}},"3":{"name":"migrateNPXSXEM","line":42,"loc":{"start":{"line":42,"column":4},"end":{"line":57,"column":4}}},"4":{"name":"airDrop","line":59,"loc":{"start":{"line":59,"column":4},"end":{"line":65,"column":4}}},"5":{"name":"returnPurseToken","line":67,"loc":{"start":{"line":67,"column":4},"end":{"line":71,"column":4}}},"6":{"name":"returnAnyToken","line":73,"loc":{"start":{"line":73,"column":4},"end":{"line":76,"column":4}}},"7":{"name":"updateOwner","line":78,"loc":{"start":{"line":78,"column":4},"end":{"line":83,"column":4}}}},"statementMap":{"1":{"start":{"line":30,"column":8},"end":{"line":30,"column":48}},"2":{"start":{"line":35,"column":8},"end":{"line":35,"column":33}},"3":{"start":{"line":36,"column":8},"end":{"line":36,"column":25}},"4":{"start":{"line":37,"column":8},"end":{"line":37,"column":35}},"5":{"start":{"line":38,"column":8},"end":{"line":38,"column":31}},"6":{"start":{"line":39,"column":8},"end":{"line":39,"column":39}},"7":{"start":{"line":43,"column":8},"end":{"line":43,"column":69}},"8":{"start":{"line":44,"column":8},"end":{"line":44,"column":52}},"9":{"start":{"line":45,"column":8},"end":{"line":45,"column":63}},"10":{"start":{"line":46,"column":8},"end":{"line":46,"column":27}},"11":{"start":{"line":47,"column":8},"end":{"line":47,"column":41}},"12":{"start":{"line":49,"column":8},"end":{"line":49,"column":53}},"13":{"start":{"line":50,"column":8},"end":{"line":50,"column":84}},"14":{"start":{"line":52,"column":8},"end":{"line":52,"column":47}},"15":{"start":{"line":53,"column":8},"end":{"line":53,"column":86}},"16":{"start":{"line":55,"column":8},"end":{"line":55,"column":60}},"17":{"start":{"line":56,"column":8},"end":{"line":56,"column":24}},"18":{"start":{"line":60,"column":8},"end":{"line":60,"column":2023}},"19":{"start":{"line":61,"column":12},"end":{"line":61,"column":47}},"20":{"start":{"line":62,"column":12},"end":{"line":62,"column":66}},"21":{"start":{"line":63,"column":12},"end":{"line":63,"column":49}},"22":{"start":{"line":68,"column":8},"end":{"line":68,"column":61}},"23":{"start":{"line":69,"column":8},"end":{"line":69,"column":69}},"24":{"start":{"line":70,"column":8},"end":{"line":70,"column":48}},"25":{"start":{"line":74,"column":8},"end":{"line":74,"column":61}},"26":{"start":{"line":75,"column":8},"end":{"line":75,"column":50}},"27":{"start":{"line":79,"column":8},"end":{"line":79,"column":57}},"28":{"start":{"line":80,"column":8},"end":{"line":80,"column":53}},"29":{"start":{"line":81,"column":8},"end":{"line":81,"column":29}},"30":{"start":{"line":82,"column":8},"end":{"line":82,"column":21}}},"branchMap":{"1":{"line":30,"type":"if","locations":[{"start":{"line":30,"column":8},"end":{"line":30,"column":8}},{"start":{"line":30,"column":8},"end":{"line":30,"column":8}}]},"2":{"line":45,"type":"if","locations":[{"start":{"line":45,"column":8},"end":{"line":45,"column":8}},{"start":{"line":45,"column":8},"end":{"line":45,"column":8}}]},"3":{"line":46,"type":"if","locations":[{"start":{"line":46,"column":8},"end":{"line":46,"column":8}},{"start":{"line":46,"column":8},"end":{"line":46,"column":8}}]},"4":{"line":47,"type":"if","locations":[{"start":{"line":47,"column":8},"end":{"line":47,"column":8}},{"start":{"line":47,"column":8},"end":{"line":47,"column":8}}]},"5":{"line":68,"type":"if","locations":[{"start":{"line":68,"column":8},"end":{"line":68,"column":8}},{"start":{"line":68,"column":8},"end":{"line":68,"column":8}}]},"6":{"line":74,"type":"if","locations":[{"start":{"line":74,"column":8},"end":{"line":74,"column":8}},{"start":{"line":74,"column":8},"end":{"line":74,"column":8}}]},"7":{"line":79,"type":"if","locations":[{"start":{"line":79,"column":8},"end":{"line":79,"column":8}},{"start":{"line":79,"column":8},"end":{"line":79,"column":8}}]},"8":{"line":80,"type":"if","locations":[{"start":{"line":80,"column":8},"end":{"line":80,"column":8}},{"start":{"line":80,"column":8},"end":{"line":80,"column":8}}]}}},"contracts/Proxy/Address.sol":{"l":{"31":0,"33":0,"34":0,"54":0,"57":0,"58":0,"80":0,"90":0,"105":0,"115":0,"116":0,"119":0,"120":0,"130":0,"140":0,"143":0,"144":0,"154":0,"164":0,"167":0,"168":0,"172":0,"173":0,"176":0,"180":0,"185":0},"path":"/Users/linsiting/wokospace/fx-bridge/contracts/Proxy/Address.sol","s":{"1":0,"2":0,"3":0,"4":0,"5":0,"6":0,"7":0,"8":0,"9":0,"10":0,"11":0,"12":0,"13":0,"14":0,"15":0,"16":0,"17":0,"18":0,"19":0,"20":0,"21":0,"22":0,"23":0,"24":0},"b":{"1":[0,0],"2":[0,0],"3":[0,0],"4":[0,0],"5":[0,0],"6":[0,0],"7":[0,0],"8":[0,0]},"f":{"1":0,"2":0,"3":0,"4":0,"5":0,"6":0,"7":0,"8":0,"9":0,"10":0,"11":0},"fnMap":{"1":{"name":"isContract","line":26,"loc":{"start":{"line":26,"column":4},"end":{"line":35,"column":4}}},"2":{"name":"sendValue","line":53,"loc":{"start":{"line":53,"column":4},"end":{"line":59,"column":4}}},"3":{"name":"functionCall","line":79,"loc":{"start":{"line":79,"column":4},"end":{"line":81,"column":4}}},"4":{"name":"functionCall","line":89,"loc":{"start":{"line":89,"column":4},"end":{"line":91,"column":4}}},"5":{"name":"functionCallWithValue","line":104,"loc":{"start":{"line":104,"column":4},"end":{"line":106,"column":4}}},"6":{"name":"functionCallWithValue","line":114,"loc":{"start":{"line":114,"column":4},"end":{"line":121,"column":4}}},"7":{"name":"functionStaticCall","line":129,"loc":{"start":{"line":129,"column":4},"end":{"line":131,"column":4}}},"8":{"name":"functionStaticCall","line":139,"loc":{"start":{"line":139,"column":4},"end":{"line":145,"column":4}}},"9":{"name":"functionDelegateCall","line":153,"loc":{"start":{"line":153,"column":4},"end":{"line":155,"column":4}}},"10":{"name":"functionDelegateCall","line":163,"loc":{"start":{"line":163,"column":4},"end":{"line":169,"column":4}}},"11":{"name":"_verifyCallResult","line":171,"loc":{"start":{"line":171,"column":4},"end":{"line":188,"column":4}}}},"statementMap":{"1":{"start":{"line":31,"column":8},"end":{"line":31,"column":20}},"2":{"start":{"line":34,"column":8},"end":{"line":34,"column":23}},"3":{"start":{"line":54,"column":8},"end":{"line":54,"column":80}},"4":{"start":{"line":57,"column":8},"end":{"line":57,"column":62}},"5":{"start":{"line":58,"column":8},"end":{"line":58,"column":85}},"6":{"start":{"line":80,"column":8},"end":{"line":80,"column":75}},"7":{"start":{"line":90,"column":8},"end":{"line":90,"column":67}},"8":{"start":{"line":105,"column":8},"end":{"line":105,"column":102}},"9":{"start":{"line":115,"column":8},"end":{"line":115,"column":88}},"10":{"start":{"line":116,"column":8},"end":{"line":116,"column":67}},"11":{"start":{"line":119,"column":8},"end":{"line":119,"column":83}},"12":{"start":{"line":120,"column":8},"end":{"line":120,"column":67}},"13":{"start":{"line":130,"column":8},"end":{"line":130,"column":88}},"14":{"start":{"line":140,"column":8},"end":{"line":140,"column":74}},"15":{"start":{"line":143,"column":8},"end":{"line":143,"column":73}},"16":{"start":{"line":144,"column":8},"end":{"line":144,"column":67}},"17":{"start":{"line":154,"column":8},"end":{"line":154,"column":92}},"18":{"start":{"line":164,"column":8},"end":{"line":164,"column":76}},"19":{"start":{"line":167,"column":8},"end":{"line":167,"column":75}},"20":{"start":{"line":168,"column":8},"end":{"line":168,"column":67}},"21":{"start":{"line":172,"column":8},"end":{"line":172,"column":7233}},"22":{"start":{"line":173,"column":12},"end":{"line":173,"column":29}},"23":{"start":{"line":176,"column":12},"end":{"line":176,"column":7378}},"24":{"start":{"line":185,"column":16},"end":{"line":185,"column":35}}},"branchMap":{"1":{"line":54,"type":"if","locations":[{"start":{"line":54,"column":8},"end":{"line":54,"column":8}},{"start":{"line":54,"column":8},"end":{"line":54,"column":8}}]},"2":{"line":58,"type":"if","locations":[{"start":{"line":58,"column":8},"end":{"line":58,"column":8}},{"start":{"line":58,"column":8},"end":{"line":58,"column":8}}]},"3":{"line":115,"type":"if","locations":[{"start":{"line":115,"column":8},"end":{"line":115,"column":8}},{"start":{"line":115,"column":8},"end":{"line":115,"column":8}}]},"4":{"line":116,"type":"if","locations":[{"start":{"line":116,"column":8},"end":{"line":116,"column":8}},{"start":{"line":116,"column":8},"end":{"line":116,"column":8}}]},"5":{"line":140,"type":"if","locations":[{"start":{"line":140,"column":8},"end":{"line":140,"column":8}},{"start":{"line":140,"column":8},"end":{"line":140,"column":8}}]},"6":{"line":164,"type":"if","locations":[{"start":{"line":164,"column":8},"end":{"line":164,"column":8}},{"start":{"line":164,"column":8},"end":{"line":164,"column":8}}]},"7":{"line":172,"type":"if","locations":[{"start":{"line":172,"column":8},"end":{"line":172,"column":8}},{"start":{"line":172,"column":8},"end":{"line":172,"column":8}}]},"8":{"line":176,"type":"if","locations":[{"start":{"line":176,"column":12},"end":{"line":176,"column":12}},{"start":{"line":176,"column":12},"end":{"line":176,"column":12}}]}}},"contracts/Proxy/ERC1967Proxy.sol":{"l":{"22":0,"23":0,"30":0},"path":"/Users/linsiting/wokospace/fx-bridge/contracts/Proxy/ERC1967Proxy.sol","s":{"1":0,"2":0,"3":0},"b":{},"f":{"1":0,"2":0},"fnMap":{"1":{"name":"constructor","line":21,"loc":{"start":{"line":21,"column":4},"end":{"line":24,"column":4}}},"2":{"name":"_implementation","line":29,"loc":{"start":{"line":29,"column":4},"end":{"line":31,"column":4}}}},"statementMap":{"1":{"start":{"line":22,"column":8},"end":{"line":22,"column":102}},"2":{"start":{"line":23,"column":8},"end":{"line":23,"column":46}},"3":{"start":{"line":30,"column":8},"end":{"line":30,"column":50}}},"branchMap":{}},"contracts/Proxy/ERC1967Upgrade.sol":{"l":{"29":0,"36":0,"37":0,"46":0,"47":0,"56":0,"57":0,"58":0,"59":0,"69":0,"72":0,"73":0,"74":0,"78":0,"79":0,"81":0,"82":0,"89":0,"91":0,"93":0,"94":0,"105":0,"106":0,"107":0,"108":0,"128":0,"135":0,"136":0,"145":0,"146":0,"164":0,"171":0,"175":0,"179":0},"path":"/Users/linsiting/wokospace/fx-bridge/contracts/Proxy/ERC1967Upgrade.sol","s":{"1":0,"2":0,"3":0,"4":0,"5":0,"6":0,"7":0,"8":0,"9":0,"10":0,"11":0,"12":0,"13":0,"14":0,"15":0,"16":0,"17":0,"18":0,"19":0,"20":0,"21":0,"22":0,"23":0,"24":0,"25":0,"26":0,"27":0,"28":0,"29":0,"30":0,"31":0,"32":0,"33":0,"34":0},"b":{"1":[0,0],"2":[0,0],"3":[0,0],"4":[0,0],"5":[0,0],"6":[0,0],"7":[0,0],"8":[0,0],"9":[0,0]},"f":{"1":0,"2":0,"3":0,"4":0,"5":0,"6":0,"7":0,"8":0,"9":0,"10":0,"11":0},"fnMap":{"1":{"name":"_getImplementation","line":28,"loc":{"start":{"line":28,"column":4},"end":{"line":30,"column":4}}},"2":{"name":"_setImplementation","line":35,"loc":{"start":{"line":35,"column":4},"end":{"line":38,"column":4}}},"3":{"name":"_upgradeTo","line":45,"loc":{"start":{"line":45,"column":4},"end":{"line":48,"column":4}}},"4":{"name":"_upgradeToAndCall","line":55,"loc":{"start":{"line":55,"column":4},"end":{"line":61,"column":4}}},"5":{"name":"_upgradeToAndCallSecure","line":68,"loc":{"start":{"line":68,"column":4},"end":{"line":96,"column":4}}},"6":{"name":"_upgradeBeaconToAndCall","line":104,"loc":{"start":{"line":104,"column":4},"end":{"line":110,"column":4}}},"7":{"name":"_getAdmin","line":127,"loc":{"start":{"line":127,"column":4},"end":{"line":129,"column":4}}},"8":{"name":"_setAdmin","line":134,"loc":{"start":{"line":134,"column":4},"end":{"line":137,"column":4}}},"9":{"name":"_changeAdmin","line":144,"loc":{"start":{"line":144,"column":4},"end":{"line":147,"column":4}}},"10":{"name":"_getBeacon","line":163,"loc":{"start":{"line":163,"column":4},"end":{"line":165,"column":4}}},"11":{"name":"_setBeacon","line":170,"loc":{"start":{"line":170,"column":4},"end":{"line":180,"column":4}}}},"statementMap":{"1":{"start":{"line":29,"column":8},"end":{"line":29,"column":69}},"2":{"start":{"line":36,"column":8},"end":{"line":36,"column":102}},"3":{"start":{"line":37,"column":8},"end":{"line":37,"column":81}},"4":{"start":{"line":46,"column":8},"end":{"line":46,"column":44}},"5":{"start":{"line":47,"column":8},"end":{"line":47,"column":40}},"6":{"start":{"line":56,"column":8},"end":{"line":56,"column":44}},"7":{"start":{"line":57,"column":8},"end":{"line":57,"column":40}},"8":{"start":{"line":58,"column":8},"end":{"line":58,"column":1995}},"9":{"start":{"line":59,"column":12},"end":{"line":59,"column":64}},"10":{"start":{"line":69,"column":8},"end":{"line":69,"column":56}},"11":{"start":{"line":72,"column":8},"end":{"line":72,"column":44}},"12":{"start":{"line":73,"column":8},"end":{"line":73,"column":2547}},"13":{"start":{"line":74,"column":12},"end":{"line":74,"column":64}},"14":{"start":{"line":78,"column":8},"end":{"line":78,"column":100}},"15":{"start":{"line":79,"column":8},"end":{"line":79,"column":2831}},"16":{"start":{"line":81,"column":12},"end":{"line":81,"column":39}},"17":{"start":{"line":82,"column":12},"end":{"line":82,"column":2995}},"18":{"start":{"line":89,"column":12},"end":{"line":89,"column":40}},"19":{"start":{"line":91,"column":12},"end":{"line":91,"column":112}},"20":{"start":{"line":93,"column":12},"end":{"line":93,"column":48}},"21":{"start":{"line":94,"column":12},"end":{"line":94,"column":44}},"22":{"start":{"line":105,"column":8},"end":{"line":105,"column":28}},"23":{"start":{"line":106,"column":8},"end":{"line":106,"column":38}},"24":{"start":{"line":107,"column":8},"end":{"line":107,"column":4079}},"25":{"start":{"line":108,"column":12},"end":{"line":108,"column":82}},"26":{"start":{"line":128,"column":8},"end":{"line":128,"column":60}},"27":{"start":{"line":135,"column":8},"end":{"line":135,"column":80}},"28":{"start":{"line":136,"column":8},"end":{"line":136,"column":63}},"29":{"start":{"line":145,"column":8},"end":{"line":145,"column":48}},"30":{"start":{"line":146,"column":8},"end":{"line":146,"column":26}},"31":{"start":{"line":164,"column":8},"end":{"line":164,"column":61}},"32":{"start":{"line":171,"column":8},"end":{"line":171,"column":6164}},"33":{"start":{"line":175,"column":8},"end":{"line":175,"column":6287}},"34":{"start":{"line":179,"column":8},"end":{"line":179,"column":65}}},"branchMap":{"1":{"line":36,"type":"if","locations":[{"start":{"line":36,"column":8},"end":{"line":36,"column":8}},{"start":{"line":36,"column":8},"end":{"line":36,"column":8}}]},"2":{"line":58,"type":"if","locations":[{"start":{"line":58,"column":8},"end":{"line":58,"column":8}},{"start":{"line":58,"column":8},"end":{"line":58,"column":8}}]},"3":{"line":73,"type":"if","locations":[{"start":{"line":73,"column":8},"end":{"line":73,"column":8}},{"start":{"line":73,"column":8},"end":{"line":73,"column":8}}]},"4":{"line":79,"type":"if","locations":[{"start":{"line":79,"column":8},"end":{"line":79,"column":8}},{"start":{"line":79,"column":8},"end":{"line":79,"column":8}}]},"5":{"line":91,"type":"if","locations":[{"start":{"line":91,"column":12},"end":{"line":91,"column":12}},{"start":{"line":91,"column":12},"end":{"line":91,"column":12}}]},"6":{"line":107,"type":"if","locations":[{"start":{"line":107,"column":8},"end":{"line":107,"column":8}},{"start":{"line":107,"column":8},"end":{"line":107,"column":8}}]},"7":{"line":135,"type":"if","locations":[{"start":{"line":135,"column":8},"end":{"line":135,"column":8}},{"start":{"line":135,"column":8},"end":{"line":135,"column":8}}]},"8":{"line":171,"type":"if","locations":[{"start":{"line":171,"column":8},"end":{"line":171,"column":8}},{"start":{"line":171,"column":8},"end":{"line":171,"column":8}}]},"9":{"line":175,"type":"if","locations":[{"start":{"line":175,"column":8},"end":{"line":175,"column":8}},{"start":{"line":175,"column":8},"end":{"line":175,"column":8}}]}}},"contracts/Proxy/IBeacon.sol":{"l":{},"path":"/Users/linsiting/wokospace/fx-bridge/contracts/Proxy/IBeacon.sol","s":{},"b":{},"f":{},"fnMap":{},"statementMap":{},"branchMap":{}},"contracts/Proxy/Proxy.sol":{"l":{"23":0,"55":0,"56":0,"64":0,"72":0},"path":"/Users/linsiting/wokospace/fx-bridge/contracts/Proxy/Proxy.sol","s":{"1":0,"2":0,"3":0},"b":{},"f":{"1":0,"2":0,"3":0,"4":0},"fnMap":{"1":{"name":"_delegate","line":21,"loc":{"start":{"line":21,"column":4},"end":{"line":41,"column":4}}},"2":{"name":"_fallback","line":54,"loc":{"start":{"line":54,"column":4},"end":{"line":57,"column":4}}},"3":{"name":null,"line":63,"loc":{"start":{"line":63,"column":4},"end":{"line":65,"column":4}}},"4":{"name":"_beforeFallback","line":81,"loc":{"start":{"line":81,"column":4},"end":{"line":82,"column":4}}}},"statementMap":{"1":{"start":{"line":55,"column":8},"end":{"line":55,"column":24}},"2":{"start":{"line":56,"column":8},"end":{"line":56,"column":35}},"3":{"start":{"line":64,"column":8},"end":{"line":64,"column":18}}},"branchMap":{}},"contracts/Proxy/StorageSlot.sol":{"l":{"52":0,"61":0,"70":0,"79":0},"path":"/Users/linsiting/wokospace/fx-bridge/contracts/Proxy/StorageSlot.sol","s":{},"b":{},"f":{"1":0,"2":0,"3":0,"4":0},"fnMap":{"1":{"name":"getAddressSlot","line":51,"loc":{"start":{"line":51,"column":4},"end":{"line":55,"column":4}}},"2":{"name":"getBooleanSlot","line":60,"loc":{"start":{"line":60,"column":4},"end":{"line":64,"column":4}}},"3":{"name":"getBytes32Slot","line":69,"loc":{"start":{"line":69,"column":4},"end":{"line":73,"column":4}}},"4":{"name":"getUint256Slot","line":78,"loc":{"start":{"line":78,"column":4},"end":{"line":82,"column":4}}}},"statementMap":{},"branchMap":{}},"contracts/PurseDistribution.sol":{"l":{"24":1,"25":1,"29":15,"30":15,"31":15,"32":15,"41":1,"42":1,"43":1,"44":1,"45":1,"46":2,"48":1,"49":1,"53":0,"54":0,"55":0,"56":0,"57":0,"58":0,"60":0,"65":2,"66":2,"67":2,"69":2,"70":2,"71":2,"72":2,"76":0,"77":0,"78":0,"79":0,"80":0,"81":0,"82":0,"83":0,"84":0,"87":0,"88":0,"90":0,"94":0,"95":0,"96":0,"100":0,"101":0,"105":0,"106":0,"107":0,"108":0},"path":"/Users/linsiting/wokospace/fx-bridge/contracts/PurseDistribution.sol","s":{"1":1,"2":15,"3":15,"4":15,"5":15,"6":1,"7":1,"8":1,"9":1,"10":1,"11":2,"12":1,"13":1,"14":0,"15":0,"16":0,"17":0,"18":0,"19":0,"20":0,"21":2,"22":2,"23":2,"24":2,"25":2,"26":2,"27":2,"28":0,"29":0,"30":0,"31":0,"32":0,"33":0,"34":0,"35":0,"36":0,"37":0,"38":0,"39":0,"40":0,"41":0,"42":0,"43":0,"44":0,"45":0,"46":0,"47":0,"48":0},"b":{"1":[1,0],"2":[1,0],"3":[1,0],"4":[0,0],"5":[0,0],"6":[2,0],"7":[2,0],"8":[0,0],"9":[0,0],"10":[0,0],"11":[0,0],"12":[0,0],"13":[0,0],"14":[0,0],"15":[0,0]},"f":{"1":1,"2":15,"3":1,"4":0,"5":2,"6":0,"7":0,"8":0,"9":0},"fnMap":{"1":{"name":"onlyOwner","line":23,"loc":{"start":{"line":23,"column":4},"end":{"line":26,"column":4}}},"2":{"name":"constructor","line":28,"loc":{"start":{"line":28,"column":4},"end":{"line":33,"column":4}}},"3":{"name":"addHolderInfo","line":40,"loc":{"start":{"line":40,"column":4},"end":{"line":50,"column":4}}},"4":{"name":"updateHolderInfo","line":52,"loc":{"start":{"line":52,"column":4},"end":{"line":61,"column":4}}},"5":{"name":"claim","line":64,"loc":{"start":{"line":64,"column":4},"end":{"line":73,"column":4}}},"6":{"name":"claimAll","line":75,"loc":{"start":{"line":75,"column":4},"end":{"line":91,"column":4}}},"7":{"name":"returnPurseToken","line":93,"loc":{"start":{"line":93,"column":4},"end":{"line":97,"column":4}}},"8":{"name":"returnAnyToken","line":99,"loc":{"start":{"line":99,"column":4},"end":{"line":102,"column":4}}},"9":{"name":"updateOwner","line":104,"loc":{"start":{"line":104,"column":4},"end":{"line":109,"column":4}}}},"statementMap":{"1":{"start":{"line":24,"column":8},"end":{"line":24,"column":48}},"2":{"start":{"line":29,"column":8},"end":{"line":29,"column":31}},"3":{"start":{"line":30,"column":8},"end":{"line":30,"column":33}},"4":{"start":{"line":31,"column":8},"end":{"line":31,"column":25}},"5":{"start":{"line":32,"column":8},"end":{"line":32,"column":42}},"6":{"start":{"line":41,"column":8},"end":{"line":41,"column":55}},"7":{"start":{"line":42,"column":8},"end":{"line":42,"column":66}},"8":{"start":{"line":43,"column":8},"end":{"line":43,"column":21}},"9":{"start":{"line":44,"column":8},"end":{"line":44,"column":69}},"10":{"start":{"line":45,"column":8},"end":{"line":45,"column":1578}},"11":{"start":{"line":46,"column":12},"end":{"line":46,"column":71}},"12":{"start":{"line":48,"column":8},"end":{"line":48,"column":47}},"13":{"start":{"line":49,"column":8},"end":{"line":49,"column":45}},"14":{"start":{"line":53,"column":8},"end":{"line":53,"column":55}},"15":{"start":{"line":54,"column":8},"end":{"line":54,"column":66}},"16":{"start":{"line":55,"column":8},"end":{"line":55,"column":21}},"17":{"start":{"line":56,"column":8},"end":{"line":56,"column":69}},"18":{"start":{"line":57,"column":8},"end":{"line":57,"column":2154}},"19":{"start":{"line":58,"column":12},"end":{"line":58,"column":71}},"20":{"start":{"line":60,"column":8},"end":{"line":60,"column":48}},"21":{"start":{"line":65,"column":8},"end":{"line":65,"column":55}},"22":{"start":{"line":66,"column":8},"end":{"line":66,"column":66}},"23":{"start":{"line":67,"column":8},"end":{"line":67,"column":82}},"24":{"start":{"line":69,"column":8},"end":{"line":69,"column":53}},"25":{"start":{"line":70,"column":8},"end":{"line":70,"column":76}},"26":{"start":{"line":71,"column":8},"end":{"line":71,"column":51}},"27":{"start":{"line":72,"column":8},"end":{"line":72,"column":60}},"28":{"start":{"line":76,"column":8},"end":{"line":76,"column":55}},"29":{"start":{"line":77,"column":8},"end":{"line":77,"column":66}},"30":{"start":{"line":78,"column":8},"end":{"line":78,"column":31}},"31":{"start":{"line":79,"column":8},"end":{"line":79,"column":3129}},"32":{"start":{"line":80,"column":16},"end":{"line":80,"column":3199}},"33":{"start":{"line":81,"column":20},"end":{"line":81,"column":86}},"34":{"start":{"line":82,"column":20},"end":{"line":82,"column":57}},"35":{"start":{"line":83,"column":20},"end":{"line":83,"column":81}},"36":{"start":{"line":84,"column":20},"end":{"line":84,"column":46}},"37":{"start":{"line":87,"column":8},"end":{"line":87,"column":3574}},"38":{"start":{"line":88,"column":12},"end":{"line":88,"column":55}},"39":{"start":{"line":90,"column":8},"end":{"line":90,"column":67}},"40":{"start":{"line":94,"column":8},"end":{"line":94,"column":61}},"41":{"start":{"line":95,"column":8},"end":{"line":95,"column":69}},"42":{"start":{"line":96,"column":8},"end":{"line":96,"column":48}},"43":{"start":{"line":100,"column":8},"end":{"line":100,"column":61}},"44":{"start":{"line":101,"column":8},"end":{"line":101,"column":50}},"45":{"start":{"line":105,"column":8},"end":{"line":105,"column":57}},"46":{"start":{"line":106,"column":8},"end":{"line":106,"column":53}},"47":{"start":{"line":107,"column":8},"end":{"line":107,"column":29}},"48":{"start":{"line":108,"column":8},"end":{"line":108,"column":21}}},"branchMap":{"1":{"line":24,"type":"if","locations":[{"start":{"line":24,"column":8},"end":{"line":24,"column":8}},{"start":{"line":24,"column":8},"end":{"line":24,"column":8}}]},"2":{"line":42,"type":"if","locations":[{"start":{"line":42,"column":8},"end":{"line":42,"column":8}},{"start":{"line":42,"column":8},"end":{"line":42,"column":8}}]},"3":{"line":44,"type":"if","locations":[{"start":{"line":44,"column":8},"end":{"line":44,"column":8}},{"start":{"line":44,"column":8},"end":{"line":44,"column":8}}]},"4":{"line":54,"type":"if","locations":[{"start":{"line":54,"column":8},"end":{"line":54,"column":8}},{"start":{"line":54,"column":8},"end":{"line":54,"column":8}}]},"5":{"line":56,"type":"if","locations":[{"start":{"line":56,"column":8},"end":{"line":56,"column":8}},{"start":{"line":56,"column":8},"end":{"line":56,"column":8}}]},"6":{"line":66,"type":"if","locations":[{"start":{"line":66,"column":8},"end":{"line":66,"column":8}},{"start":{"line":66,"column":8},"end":{"line":66,"column":8}}]},"7":{"line":67,"type":"if","locations":[{"start":{"line":67,"column":8},"end":{"line":67,"column":8}},{"start":{"line":67,"column":8},"end":{"line":67,"column":8}}]},"8":{"line":77,"type":"if","locations":[{"start":{"line":77,"column":8},"end":{"line":77,"column":8}},{"start":{"line":77,"column":8},"end":{"line":77,"column":8}}]},"9":{"line":80,"type":"if","locations":[{"start":{"line":80,"column":16},"end":{"line":80,"column":16}},{"start":{"line":80,"column":16},"end":{"line":80,"column":16}}]},"10":{"line":81,"type":"if","locations":[{"start":{"line":81,"column":20},"end":{"line":81,"column":20}},{"start":{"line":81,"column":20},"end":{"line":81,"column":20}}]},"11":{"line":87,"type":"if","locations":[{"start":{"line":87,"column":8},"end":{"line":87,"column":8}},{"start":{"line":87,"column":8},"end":{"line":87,"column":8}}]},"12":{"line":94,"type":"if","locations":[{"start":{"line":94,"column":8},"end":{"line":94,"column":8}},{"start":{"line":94,"column":8},"end":{"line":94,"column":8}}]},"13":{"line":100,"type":"if","locations":[{"start":{"line":100,"column":8},"end":{"line":100,"column":8}},{"start":{"line":100,"column":8},"end":{"line":100,"column":8}}]},"14":{"line":105,"type":"if","locations":[{"start":{"line":105,"column":8},"end":{"line":105,"column":8}},{"start":{"line":105,"column":8},"end":{"line":105,"column":8}}]},"15":{"line":106,"type":"if","locations":[{"start":{"line":106,"column":8},"end":{"line":106,"column":8}},{"start":{"line":106,"column":8},"end":{"line":106,"column":8}}]}}},"contracts/PurseTokenUpgradable.sol":{"l":{"49":11,"50":11,"54":0,"55":0,"59":0,"60":0,"61":0,"62":0,"66":0,"67":0,"71":10,"72":10,"74":10,"78":0,"79":0,"81":0,"85":1,"86":1,"88":1,"92":0,"93":0,"95":0,"103":54,"104":54,"105":54,"106":18,"107":18,"109":18,"110":18,"112":36,"113":36,"114":36,"116":36,"117":36,"126":0,"127":0,"128":0,"136":0,"137":0,"138":0,"139":0,"140":0,"141":0,"142":0,"143":0,"144":0,"146":0,"147":0,"148":0,"149":0,"150":0,"151":0,"156":0,"158":0,"159":0,"160":0,"164":0,"165":0,"166":0,"167":0,"168":0,"169":0,"176":36,"177":36,"178":36,"179":36,"180":36,"186":36,"187":36,"189":36,"191":36,"203":36,"204":36,"205":36,"207":36,"208":36,"209":36,"210":36,"211":36,"212":36,"213":0,"216":36,"225":36,"226":36,"227":36,"228":36,"229":36,"230":36,"231":36,"233":36,"234":36,"235":36,"236":36,"237":36,"238":36,"243":0,"244":0,"246":0,"250":0,"251":0,"253":0,"257":0,"258":0,"260":0,"264":0,"265":0,"267":0,"271":0,"272":0,"274":0,"278":0,"279":0,"281":0,"282":0,"286":0,"287":0,"288":0,"289":0,"291":0,"292":0,"294":0,"296":0,"297":0,"301":0,"305":0,"306":0,"310":0,"314":0,"327":5,"328":5,"329":5,"330":5,"331":5,"333":5,"334":5,"335":5,"336":5,"337":5,"339":5,"340":5,"341":5,"342":5,"343":5,"344":5,"345":5,"346":5,"347":5,"349":5,"350":5},"path":"/Users/linsiting/wokospace/fx-bridge/contracts/PurseTokenUpgradable.sol","s":{"1":11,"2":0,"3":0,"4":0,"5":0,"6":0,"7":0,"8":0,"9":10,"10":10,"11":10,"12":0,"13":0,"14":0,"15":1,"16":1,"17":1,"18":0,"19":0,"20":0,"21":54,"22":54,"23":54,"24":18,"25":18,"26":18,"27":18,"28":36,"29":36,"30":36,"31":36,"32":36,"33":0,"34":0,"35":0,"36":0,"37":0,"38":0,"39":0,"40":0,"41":0,"42":0,"43":0,"44":0,"45":0,"46":0,"47":0,"48":0,"49":0,"50":0,"51":0,"52":0,"53":0,"54":0,"55":0,"56":0,"57":0,"58":0,"59":0,"60":0,"61":36,"62":36,"63":36,"64":36,"65":36,"66":36,"67":36,"68":36,"69":36,"70":36,"71":36,"72":36,"73":36,"74":36,"75":36,"76":36,"77":36,"78":36,"79":0,"80":36,"81":36,"82":36,"83":36,"84":36,"85":36,"86":36,"87":36,"88":36,"89":36,"90":36,"91":36,"92":36,"93":36,"94":0,"95":0,"96":0,"97":0,"98":0,"99":0,"100":0,"101":0,"102":0,"103":0,"104":0,"105":0,"106":0,"107":0,"108":0,"109":0,"110":0,"111":0,"112":0,"113":0,"114":0,"115":0,"116":0,"117":0,"118":0,"119":0,"120":0,"121":0,"122":0,"123":0,"124":0,"125":0,"126":0,"127":5,"128":5,"129":5,"130":5,"131":5,"132":5,"133":5,"134":5,"135":5,"136":5,"137":5,"138":5,"139":5,"140":5,"141":5,"142":5,"143":5,"144":5,"145":5,"146":5,"147":5},"b":{"1":[11,0],"2":[0,0],"3":[0,0],"4":[0,0],"5":[10,0],"6":[10,0],"7":[0,0],"8":[0,0],"9":[1,0],"10":[1,0],"11":[0,0],"12":[0,0],"13":[54,0],"14":[54,0],"15":[18,36],"16":[0,0],"17":[0,0],"18":[0,0],"19":[0,0],"20":[0,0],"21":[0,0],"22":[0,0],"23":[36,0],"24":[36,0],"25":[0,36],"26":[36,0],"27":[36,0],"28":[0,0],"29":[0,0],"30":[0,0],"31":[0,0],"32":[0,0],"33":[0,0],"34":[0,0],"35":[0,0],"36":[0,0],"37":[0,0],"38":[0,0],"39":[0,0],"40":[0,0],"41":[0,0],"42":[0,0],"43":[0,0],"44":[5,0],"45":[5,0],"46":[5,0],"47":[5,0],"48":[5,0]},"f":{"1":11,"2":0,"3":0,"4":0,"5":10,"6":0,"7":1,"8":0,"9":54,"10":0,"11":0,"12":0,"13":0,"14":36,"15":36,"16":36,"17":0,"18":0,"19":0,"20":0,"21":0,"22":0,"23":0,"24":0,"25":0,"26":0,"27":0,"28":0,"29":5},"fnMap":{"1":{"name":"onlyOwner","line":48,"loc":{"start":{"line":48,"column":4},"end":{"line":51,"column":4}}},"2":{"name":"onlyAdmin","line":53,"loc":{"start":{"line":53,"column":4},"end":{"line":56,"column":4}}},"3":{"name":"transferOwnership","line":58,"loc":{"start":{"line":58,"column":4},"end":{"line":63,"column":4}}},"4":{"name":"renounceOwnership","line":65,"loc":{"start":{"line":65,"column":4},"end":{"line":68,"column":4}}},"5":{"name":"setWhitelistedTo","line":70,"loc":{"start":{"line":70,"column":4},"end":{"line":75,"column":4}}},"6":{"name":"removeWhitelistedTo","line":77,"loc":{"start":{"line":77,"column":4},"end":{"line":82,"column":4}}},"7":{"name":"setWhitelistedFrom","line":84,"loc":{"start":{"line":84,"column":4},"end":{"line":89,"column":4}}},"8":{"name":"removeWhitelistedFrom","line":91,"loc":{"start":{"line":91,"column":4},"end":{"line":96,"column":4}}},"9":{"name":"transfer","line":100,"loc":{"start":{"line":98,"column":4},"end":{"line":119,"column":4}}},"10":{"name":"approve","line":123,"loc":{"start":{"line":121,"column":4},"end":{"line":129,"column":4}}},"11":{"name":"transferFrom","line":135,"loc":{"start":{"line":131,"column":4},"end":{"line":153,"column":4}}},"12":{"name":"mint","line":155,"loc":{"start":{"line":155,"column":4},"end":{"line":161,"column":4}}},"13":{"name":"burn","line":163,"loc":{"start":{"line":163,"column":4},"end":{"line":170,"column":4}}},"14":{"name":"_partialBurn","line":172,"loc":{"start":{"line":172,"column":4},"end":{"line":192,"column":4}}},"15":{"name":"_calculateDeductAmount","line":194,"loc":{"start":{"line":194,"column":4},"end":{"line":217,"column":4}}},"16":{"name":"burnPrivate","line":219,"loc":{"start":{"line":219,"column":4},"end":{"line":239,"column":4}}},"17":{"name":"updateLPoolAdd","line":242,"loc":{"start":{"line":242,"column":4},"end":{"line":247,"column":4}}},"18":{"name":"updateRPoolAdd","line":249,"loc":{"start":{"line":249,"column":4},"end":{"line":254,"column":4}}},"19":{"name":"updateBurnPercent","line":256,"loc":{"start":{"line":256,"column":4},"end":{"line":261,"column":4}}},"20":{"name":"updateLiqPercent","line":263,"loc":{"start":{"line":263,"column":4},"end":{"line":268,"column":4}}},"21":{"name":"updateDisPercent","line":270,"loc":{"start":{"line":270,"column":4},"end":{"line":275,"column":4}}},"22":{"name":"addAdmin","line":277,"loc":{"start":{"line":277,"column":4},"end":{"line":283,"column":4}}},"23":{"name":"removeAdmin","line":285,"loc":{"start":{"line":285,"column":4},"end":{"line":298,"column":4}}},"24":{"name":"getAdmins","line":300,"loc":{"start":{"line":300,"column":4},"end":{"line":302,"column":4}}},"25":{"name":"returnAnyToken","line":304,"loc":{"start":{"line":304,"column":4},"end":{"line":307,"column":4}}},"26":{"name":"pause","line":309,"loc":{"start":{"line":309,"column":4},"end":{"line":311,"column":4}}},"27":{"name":"unpause","line":313,"loc":{"start":{"line":313,"column":4},"end":{"line":315,"column":4}}},"28":{"name":"_authorizeUpgrade","line":317,"loc":{"start":{"line":317,"column":4},"end":{"line":317,"column":69}}},"29":{"name":"initialize","line":326,"loc":{"start":{"line":319,"column":4},"end":{"line":351,"column":4}}}},"statementMap":{"1":{"start":{"line":49,"column":8},"end":{"line":49,"column":48}},"2":{"start":{"line":54,"column":8},"end":{"line":54,"column":48}},"3":{"start":{"line":59,"column":8},"end":{"line":59,"column":57}},"4":{"start":{"line":60,"column":8},"end":{"line":60,"column":53}},"5":{"start":{"line":61,"column":8},"end":{"line":61,"column":48}},"6":{"start":{"line":62,"column":8},"end":{"line":62,"column":21}},"7":{"start":{"line":66,"column":8},"end":{"line":66,"column":38}},"8":{"start":{"line":67,"column":8},"end":{"line":67,"column":25}},"9":{"start":{"line":71,"column":8},"end":{"line":71,"column":42}},"10":{"start":{"line":72,"column":8},"end":{"line":72,"column":46}},"11":{"start":{"line":74,"column":8},"end":{"line":74,"column":43}},"12":{"start":{"line":78,"column":8},"end":{"line":78,"column":42}},"13":{"start":{"line":79,"column":8},"end":{"line":79,"column":45}},"14":{"start":{"line":81,"column":8},"end":{"line":81,"column":44}},"15":{"start":{"line":85,"column":8},"end":{"line":85,"column":42}},"16":{"start":{"line":86,"column":8},"end":{"line":86,"column":48}},"17":{"start":{"line":88,"column":8},"end":{"line":88,"column":45}},"18":{"start":{"line":92,"column":8},"end":{"line":92,"column":42}},"19":{"start":{"line":93,"column":8},"end":{"line":93,"column":47}},"20":{"start":{"line":95,"column":8},"end":{"line":95,"column":46}},"21":{"start":{"line":103,"column":8},"end":{"line":103,"column":27}},"22":{"start":{"line":104,"column":8},"end":{"line":104,"column":97}},"23":{"start":{"line":105,"column":8},"end":{"line":105,"column":3556}},"24":{"start":{"line":106,"column":12},"end":{"line":106,"column":42}},"25":{"start":{"line":107,"column":12},"end":{"line":107,"column":35}},"26":{"start":{"line":109,"column":12},"end":{"line":109,"column":50}},"27":{"start":{"line":110,"column":12},"end":{"line":110,"column":23}},"28":{"start":{"line":112,"column":12},"end":{"line":112,"column":68}},"29":{"start":{"line":113,"column":12},"end":{"line":113,"column":49}},"30":{"start":{"line":114,"column":12},"end":{"line":114,"column":42}},"31":{"start":{"line":116,"column":12},"end":{"line":116,"column":57}},"32":{"start":{"line":117,"column":12},"end":{"line":117,"column":23}},"33":{"start":{"line":126,"column":8},"end":{"line":126,"column":47}},"34":{"start":{"line":127,"column":8},"end":{"line":127,"column":51}},"35":{"start":{"line":128,"column":8},"end":{"line":128,"column":19}},"36":{"start":{"line":136,"column":8},"end":{"line":136,"column":27}},"37":{"start":{"line":137,"column":8},"end":{"line":137,"column":42}},"38":{"start":{"line":138,"column":8},"end":{"line":138,"column":87}},"39":{"start":{"line":139,"column":8},"end":{"line":139,"column":4644}},"40":{"start":{"line":140,"column":12},"end":{"line":140,"column":49}},"41":{"start":{"line":141,"column":12},"end":{"line":141,"column":37}},"42":{"start":{"line":142,"column":12},"end":{"line":142,"column":35}},"43":{"start":{"line":143,"column":12},"end":{"line":143,"column":45}},"44":{"start":{"line":144,"column":12},"end":{"line":144,"column":23}},"45":{"start":{"line":146,"column":12},"end":{"line":146,"column":49}},"46":{"start":{"line":147,"column":12},"end":{"line":147,"column":63}},"47":{"start":{"line":148,"column":12},"end":{"line":148,"column":44}},"48":{"start":{"line":149,"column":12},"end":{"line":149,"column":42}},"49":{"start":{"line":150,"column":12},"end":{"line":150,"column":52}},"50":{"start":{"line":151,"column":12},"end":{"line":151,"column":23}},"51":{"start":{"line":156,"column":8},"end":{"line":156,"column":38}},"52":{"start":{"line":158,"column":8},"end":{"line":158,"column":37}},"53":{"start":{"line":159,"column":8},"end":{"line":159,"column":29}},"54":{"start":{"line":160,"column":8},"end":{"line":160,"column":48}},"55":{"start":{"line":164,"column":8},"end":{"line":164,"column":38}},"56":{"start":{"line":165,"column":8},"end":{"line":165,"column":52}},"57":{"start":{"line":166,"column":8},"end":{"line":166,"column":41}},"58":{"start":{"line":167,"column":8},"end":{"line":167,"column":37}},"59":{"start":{"line":168,"column":8},"end":{"line":168,"column":29}},"60":{"start":{"line":169,"column":8},"end":{"line":169,"column":48}},"61":{"start":{"line":176,"column":8},"end":{"line":176,"column":34}},"62":{"start":{"line":177,"column":8},"end":{"line":177,"column":26}},"63":{"start":{"line":178,"column":8},"end":{"line":178,"column":25}},"64":{"start":{"line":179,"column":8},"end":{"line":179,"column":25}},"65":{"start":{"line":180,"column":8},"end":{"line":180,"column":6107}},"66":{"start":{"line":186,"column":8},"end":{"line":186,"column":6198}},"67":{"start":{"line":187,"column":12},"end":{"line":187,"column":63}},"68":{"start":{"line":189,"column":8},"end":{"line":189,"column":68}},"69":{"start":{"line":191,"column":8},"end":{"line":191,"column":29}},"70":{"start":{"line":203,"column":8},"end":{"line":203,"column":26}},"71":{"start":{"line":204,"column":8},"end":{"line":204,"column":25}},"72":{"start":{"line":205,"column":8},"end":{"line":205,"column":25}},"73":{"start":{"line":207,"column":8},"end":{"line":207,"column":6713}},"74":{"start":{"line":208,"column":12},"end":{"line":208,"column":53}},"75":{"start":{"line":209,"column":12},"end":{"line":209,"column":51}},"76":{"start":{"line":210,"column":12},"end":{"line":210,"column":51}},"77":{"start":{"line":211,"column":12},"end":{"line":211,"column":63}},"78":{"start":{"line":212,"column":12},"end":{"line":212,"column":6993}},"79":{"start":{"line":213,"column":16},"end":{"line":213,"column":41}},"80":{"start":{"line":216,"column":8},"end":{"line":216,"column":49}},"81":{"start":{"line":225,"column":8},"end":{"line":225,"column":38}},"82":{"start":{"line":226,"column":8},"end":{"line":226,"column":52}},"83":{"start":{"line":227,"column":8},"end":{"line":227,"column":68}},"84":{"start":{"line":228,"column":8},"end":{"line":228,"column":46}},"85":{"start":{"line":229,"column":8},"end":{"line":229,"column":41}},"86":{"start":{"line":230,"column":8},"end":{"line":230,"column":40}},"87":{"start":{"line":231,"column":8},"end":{"line":231,"column":40}},"88":{"start":{"line":233,"column":8},"end":{"line":233,"column":33}},"89":{"start":{"line":234,"column":8},"end":{"line":234,"column":39}},"90":{"start":{"line":235,"column":8},"end":{"line":235,"column":39}},"91":{"start":{"line":236,"column":8},"end":{"line":236,"column":52}},"92":{"start":{"line":237,"column":8},"end":{"line":237,"column":54}},"93":{"start":{"line":238,"column":8},"end":{"line":238,"column":54}},"94":{"start":{"line":243,"column":8},"end":{"line":243,"column":39}},"95":{"start":{"line":244,"column":8},"end":{"line":244,"column":36}},"96":{"start":{"line":246,"column":8},"end":{"line":246,"column":26}},"97":{"start":{"line":250,"column":8},"end":{"line":250,"column":39}},"98":{"start":{"line":251,"column":8},"end":{"line":251,"column":36}},"99":{"start":{"line":253,"column":8},"end":{"line":253,"column":26}},"100":{"start":{"line":257,"column":8},"end":{"line":257,"column":62}},"101":{"start":{"line":258,"column":8},"end":{"line":258,"column":46}},"102":{"start":{"line":260,"column":8},"end":{"line":260,"column":36}},"103":{"start":{"line":264,"column":8},"end":{"line":264,"column":60}},"104":{"start":{"line":265,"column":8},"end":{"line":265,"column":44}},"105":{"start":{"line":267,"column":8},"end":{"line":267,"column":34}},"106":{"start":{"line":271,"column":8},"end":{"line":271,"column":60}},"107":{"start":{"line":272,"column":8},"end":{"line":272,"column":44}},"108":{"start":{"line":274,"column":8},"end":{"line":274,"column":34}},"109":{"start":{"line":278,"column":8},"end":{"line":278,"column":38}},"110":{"start":{"line":279,"column":8},"end":{"line":279,"column":34}},"111":{"start":{"line":281,"column":8},"end":{"line":281,"column":31}},"112":{"start":{"line":282,"column":8},"end":{"line":282,"column":28}},"113":{"start":{"line":286,"column":8},"end":{"line":286,"column":43}},"114":{"start":{"line":287,"column":8},"end":{"line":287,"column":37}},"115":{"start":{"line":288,"column":8},"end":{"line":288,"column":41}},"116":{"start":{"line":289,"column":8},"end":{"line":289,"column":36}},"117":{"start":{"line":291,"column":8},"end":{"line":291,"column":9476}},"118":{"start":{"line":292,"column":12},"end":{"line":292,"column":34}},"119":{"start":{"line":294,"column":8},"end":{"line":294,"column":19}},"120":{"start":{"line":296,"column":8},"end":{"line":296,"column":35}},"121":{"start":{"line":297,"column":8},"end":{"line":297,"column":21}},"122":{"start":{"line":301,"column":8},"end":{"line":301,"column":21}},"123":{"start":{"line":305,"column":8},"end":{"line":305,"column":61}},"124":{"start":{"line":306,"column":8},"end":{"line":306,"column":50}},"125":{"start":{"line":310,"column":8},"end":{"line":310,"column":15}},"126":{"start":{"line":314,"column":8},"end":{"line":314,"column":17}},"127":{"start":{"line":327,"column":8},"end":{"line":327,"column":36}},"128":{"start":{"line":328,"column":8},"end":{"line":328,"column":36}},"129":{"start":{"line":329,"column":8},"end":{"line":329,"column":33}},"130":{"start":{"line":330,"column":8},"end":{"line":330,"column":32}},"131":{"start":{"line":331,"column":8},"end":{"line":331,"column":32}},"132":{"start":{"line":333,"column":8},"end":{"line":333,"column":27}},"133":{"start":{"line":334,"column":8},"end":{"line":334,"column":20}},"134":{"start":{"line":335,"column":8},"end":{"line":335,"column":43}},"135":{"start":{"line":336,"column":8},"end":{"line":336,"column":20}},"136":{"start":{"line":337,"column":8},"end":{"line":337,"column":39}},"137":{"start":{"line":339,"column":8},"end":{"line":339,"column":23}},"138":{"start":{"line":340,"column":8},"end":{"line":340,"column":23}},"139":{"start":{"line":341,"column":8},"end":{"line":341,"column":33}},"140":{"start":{"line":342,"column":8},"end":{"line":342,"column":31}},"141":{"start":{"line":343,"column":8},"end":{"line":343,"column":31}},"142":{"start":{"line":344,"column":8},"end":{"line":344,"column":25}},"143":{"start":{"line":345,"column":8},"end":{"line":345,"column":28}},"144":{"start":{"line":346,"column":8},"end":{"line":346,"column":24}},"145":{"start":{"line":347,"column":8},"end":{"line":347,"column":31}},"146":{"start":{"line":349,"column":8},"end":{"line":349,"column":35}},"147":{"start":{"line":350,"column":8},"end":{"line":350,"column":47}}},"branchMap":{"1":{"line":49,"type":"if","locations":[{"start":{"line":49,"column":8},"end":{"line":49,"column":8}},{"start":{"line":49,"column":8},"end":{"line":49,"column":8}}]},"2":{"line":54,"type":"if","locations":[{"start":{"line":54,"column":8},"end":{"line":54,"column":8}},{"start":{"line":54,"column":8},"end":{"line":54,"column":8}}]},"3":{"line":59,"type":"if","locations":[{"start":{"line":59,"column":8},"end":{"line":59,"column":8}},{"start":{"line":59,"column":8},"end":{"line":59,"column":8}}]},"4":{"line":60,"type":"if","locations":[{"start":{"line":60,"column":8},"end":{"line":60,"column":8}},{"start":{"line":60,"column":8},"end":{"line":60,"column":8}}]},"5":{"line":71,"type":"if","locations":[{"start":{"line":71,"column":8},"end":{"line":71,"column":8}},{"start":{"line":71,"column":8},"end":{"line":71,"column":8}}]},"6":{"line":72,"type":"if","locations":[{"start":{"line":72,"column":8},"end":{"line":72,"column":8}},{"start":{"line":72,"column":8},"end":{"line":72,"column":8}}]},"7":{"line":78,"type":"if","locations":[{"start":{"line":78,"column":8},"end":{"line":78,"column":8}},{"start":{"line":78,"column":8},"end":{"line":78,"column":8}}]},"8":{"line":79,"type":"if","locations":[{"start":{"line":79,"column":8},"end":{"line":79,"column":8}},{"start":{"line":79,"column":8},"end":{"line":79,"column":8}}]},"9":{"line":85,"type":"if","locations":[{"start":{"line":85,"column":8},"end":{"line":85,"column":8}},{"start":{"line":85,"column":8},"end":{"line":85,"column":8}}]},"10":{"line":86,"type":"if","locations":[{"start":{"line":86,"column":8},"end":{"line":86,"column":8}},{"start":{"line":86,"column":8},"end":{"line":86,"column":8}}]},"11":{"line":92,"type":"if","locations":[{"start":{"line":92,"column":8},"end":{"line":92,"column":8}},{"start":{"line":92,"column":8},"end":{"line":92,"column":8}}]},"12":{"line":93,"type":"if","locations":[{"start":{"line":93,"column":8},"end":{"line":93,"column":8}},{"start":{"line":93,"column":8},"end":{"line":93,"column":8}}]},"13":{"line":103,"type":"if","locations":[{"start":{"line":103,"column":8},"end":{"line":103,"column":8}},{"start":{"line":103,"column":8},"end":{"line":103,"column":8}}]},"14":{"line":104,"type":"if","locations":[{"start":{"line":104,"column":8},"end":{"line":104,"column":8}},{"start":{"line":104,"column":8},"end":{"line":104,"column":8}}]},"15":{"line":105,"type":"if","locations":[{"start":{"line":105,"column":8},"end":{"line":105,"column":8}},{"start":{"line":105,"column":8},"end":{"line":105,"column":8}}]},"16":{"line":136,"type":"if","locations":[{"start":{"line":136,"column":8},"end":{"line":136,"column":8}},{"start":{"line":136,"column":8},"end":{"line":136,"column":8}}]},"17":{"line":137,"type":"if","locations":[{"start":{"line":137,"column":8},"end":{"line":137,"column":8}},{"start":{"line":137,"column":8},"end":{"line":137,"column":8}}]},"18":{"line":138,"type":"if","locations":[{"start":{"line":138,"column":8},"end":{"line":138,"column":8}},{"start":{"line":138,"column":8},"end":{"line":138,"column":8}}]},"19":{"line":139,"type":"if","locations":[{"start":{"line":139,"column":8},"end":{"line":139,"column":8}},{"start":{"line":139,"column":8},"end":{"line":139,"column":8}}]},"20":{"line":156,"type":"if","locations":[{"start":{"line":156,"column":8},"end":{"line":156,"column":8}},{"start":{"line":156,"column":8},"end":{"line":156,"column":8}}]},"21":{"line":164,"type":"if","locations":[{"start":{"line":164,"column":8},"end":{"line":164,"column":8}},{"start":{"line":164,"column":8},"end":{"line":164,"column":8}}]},"22":{"line":166,"type":"if","locations":[{"start":{"line":166,"column":8},"end":{"line":166,"column":8}},{"start":{"line":166,"column":8},"end":{"line":166,"column":8}}]},"23":{"line":186,"type":"if","locations":[{"start":{"line":186,"column":8},"end":{"line":186,"column":8}},{"start":{"line":186,"column":8},"end":{"line":186,"column":8}}]},"24":{"line":207,"type":"if","locations":[{"start":{"line":207,"column":8},"end":{"line":207,"column":8}},{"start":{"line":207,"column":8},"end":{"line":207,"column":8}}]},"25":{"line":212,"type":"if","locations":[{"start":{"line":212,"column":12},"end":{"line":212,"column":12}},{"start":{"line":212,"column":12},"end":{"line":212,"column":12}}]},"26":{"line":225,"type":"if","locations":[{"start":{"line":225,"column":8},"end":{"line":225,"column":8}},{"start":{"line":225,"column":8},"end":{"line":225,"column":8}}]},"27":{"line":228,"type":"if","locations":[{"start":{"line":228,"column":8},"end":{"line":228,"column":8}},{"start":{"line":228,"column":8},"end":{"line":228,"column":8}}]},"28":{"line":243,"type":"if","locations":[{"start":{"line":243,"column":8},"end":{"line":243,"column":8}},{"start":{"line":243,"column":8},"end":{"line":243,"column":8}}]},"29":{"line":244,"type":"if","locations":[{"start":{"line":244,"column":8},"end":{"line":244,"column":8}},{"start":{"line":244,"column":8},"end":{"line":244,"column":8}}]},"30":{"line":250,"type":"if","locations":[{"start":{"line":250,"column":8},"end":{"line":250,"column":8}},{"start":{"line":250,"column":8},"end":{"line":250,"column":8}}]},"31":{"line":251,"type":"if","locations":[{"start":{"line":251,"column":8},"end":{"line":251,"column":8}},{"start":{"line":251,"column":8},"end":{"line":251,"column":8}}]},"32":{"line":257,"type":"if","locations":[{"start":{"line":257,"column":8},"end":{"line":257,"column":8}},{"start":{"line":257,"column":8},"end":{"line":257,"column":8}}]},"33":{"line":258,"type":"if","locations":[{"start":{"line":258,"column":8},"end":{"line":258,"column":8}},{"start":{"line":258,"column":8},"end":{"line":258,"column":8}}]},"34":{"line":264,"type":"if","locations":[{"start":{"line":264,"column":8},"end":{"line":264,"column":8}},{"start":{"line":264,"column":8},"end":{"line":264,"column":8}}]},"35":{"line":265,"type":"if","locations":[{"start":{"line":265,"column":8},"end":{"line":265,"column":8}},{"start":{"line":265,"column":8},"end":{"line":265,"column":8}}]},"36":{"line":271,"type":"if","locations":[{"start":{"line":271,"column":8},"end":{"line":271,"column":8}},{"start":{"line":271,"column":8},"end":{"line":271,"column":8}}]},"37":{"line":272,"type":"if","locations":[{"start":{"line":272,"column":8},"end":{"line":272,"column":8}},{"start":{"line":272,"column":8},"end":{"line":272,"column":8}}]},"38":{"line":278,"type":"if","locations":[{"start":{"line":278,"column":8},"end":{"line":278,"column":8}},{"start":{"line":278,"column":8},"end":{"line":278,"column":8}}]},"39":{"line":279,"type":"if","locations":[{"start":{"line":279,"column":8},"end":{"line":279,"column":8}},{"start":{"line":279,"column":8},"end":{"line":279,"column":8}}]},"40":{"line":287,"type":"if","locations":[{"start":{"line":287,"column":8},"end":{"line":287,"column":8}},{"start":{"line":287,"column":8},"end":{"line":287,"column":8}}]},"41":{"line":288,"type":"if","locations":[{"start":{"line":288,"column":8},"end":{"line":288,"column":8}},{"start":{"line":288,"column":8},"end":{"line":288,"column":8}}]},"42":{"line":289,"type":"if","locations":[{"start":{"line":289,"column":8},"end":{"line":289,"column":8}},{"start":{"line":289,"column":8},"end":{"line":289,"column":8}}]},"43":{"line":305,"type":"if","locations":[{"start":{"line":305,"column":8},"end":{"line":305,"column":8}},{"start":{"line":305,"column":8},"end":{"line":305,"column":8}}]},"44":{"line":327,"type":"if","locations":[{"start":{"line":327,"column":8},"end":{"line":327,"column":8}},{"start":{"line":327,"column":8},"end":{"line":327,"column":8}}]},"45":{"line":328,"type":"if","locations":[{"start":{"line":328,"column":8},"end":{"line":328,"column":8}},{"start":{"line":328,"column":8},"end":{"line":328,"column":8}}]},"46":{"line":329,"type":"if","locations":[{"start":{"line":329,"column":8},"end":{"line":329,"column":8}},{"start":{"line":329,"column":8},"end":{"line":329,"column":8}}]},"47":{"line":330,"type":"if","locations":[{"start":{"line":330,"column":8},"end":{"line":330,"column":8}},{"start":{"line":330,"column":8},"end":{"line":330,"column":8}}]},"48":{"line":331,"type":"if","locations":[{"start":{"line":331,"column":8},"end":{"line":331,"column":8}},{"start":{"line":331,"column":8},"end":{"line":331,"column":8}}]}}},"contracts/test/TestBatch.sol":{"l":{"19":0,"20":0,"21":0,"22":0},"path":"/Users/linsiting/wokospace/fx-bridge/contracts/test/TestBatch.sol","s":{"1":0,"2":0,"3":0,"4":0},"b":{},"f":{"1":0},"fnMap":{"1":{"name":"sendToFx","line":18,"loc":{"start":{"line":18,"column":4},"end":{"line":24,"column":4}}}},"statementMap":{"1":{"start":{"line":19,"column":8},"end":{"line":19,"column":75}},"2":{"start":{"line":20,"column":8},"end":{"line":20,"column":51}},"3":{"start":{"line":21,"column":8},"end":{"line":21,"column":693}},"4":{"start":{"line":22,"column":12},"end":{"line":22,"column":74}}},"branchMap":{}},"contracts/test/TestFaucet.sol":{"l":{"102":0,"106":0,"110":0,"111":0},"path":"/Users/linsiting/wokospace/fx-bridge/contracts/test/TestFaucet.sol","s":{"1":0,"2":0,"3":0,"4":0},"b":{"1":[0,0]},"f":{"1":0,"2":0,"3":0},"fnMap":{"1":{"name":"constructor","line":101,"loc":{"start":{"line":101,"column":4},"end":{"line":103,"column":4}}},"2":{"name":"updateToken","line":105,"loc":{"start":{"line":105,"column":4},"end":{"line":107,"column":4}}},"3":{"name":"mint","line":109,"loc":{"start":{"line":109,"column":4},"end":{"line":112,"column":4}}}},"statementMap":{"1":{"start":{"line":102,"column":8},"end":{"line":102,"column":21}},"2":{"start":{"line":106,"column":8},"end":{"line":106,"column":21}},"3":{"start":{"line":110,"column":8},"end":{"line":110,"column":95}},"4":{"start":{"line":111,"column":8},"end":{"line":111,"column":48}}},"branchMap":{"1":{"line":110,"type":"if","locations":[{"start":{"line":110,"column":8},"end":{"line":110,"column":8}},{"start":{"line":110,"column":8},"end":{"line":110,"column":8}}]}}},"contracts/test/TestPundix.sol":{"l":{"9":15,"13":0,"17":0,"25":0},"path":"/Users/linsiting/wokospace/fx-bridge/contracts/test/TestPundix.sol","s":{"1":15,"2":0,"3":0,"4":0},"b":{},"f":{"1":15,"2":0,"3":0,"4":0},"fnMap":{"1":{"name":"constructor","line":8,"loc":{"start":{"line":8,"column":4},"end":{"line":10,"column":4}}},"2":{"name":"mint","line":12,"loc":{"start":{"line":12,"column":4},"end":{"line":14,"column":4}}},"3":{"name":"burn","line":16,"loc":{"start":{"line":16,"column":4},"end":{"line":18,"column":4}}},"4":{"name":"approve","line":20,"loc":{"start":{"line":20,"column":4},"end":{"line":26,"column":4}}}},"statementMap":{"1":{"start":{"line":9,"column":8},"end":{"line":9,"column":44}},"2":{"start":{"line":13,"column":8},"end":{"line":13,"column":31}},"3":{"start":{"line":17,"column":8},"end":{"line":17,"column":31}},"4":{"start":{"line":25,"column":8},"end":{"line":25,"column":42}}},"branchMap":{}}}